<html xmlns:math="http://exslt.org/math" xmlns:testng="http://testng.org">
   <head>
      <title>TestNG XSLT Results</title>
      <meta http-equiv="content-type" content="text/html; charset=utf-8"></meta>
      <meta http-equiv="pragma" content="no-cache"></meta>
      <meta http-equiv="cache-control" content="max-age=0"></meta>
      <meta http-equiv="cache-control" content="no-cache"></meta>
      <meta http-equiv="cache-control" content="no-store"></meta>
      <LINK rel="stylesheet" href="style.css"></LINK>
      <script type="text/javascript" src="main.js"></script>
   </head>
   <body>
      <table width="100%" style="font-size: 16px; margin-bottom: 10px;" cellspacing="1">
         <tr>
            <td width="100%">
               All methods in suite
               
               <b>Command line suite</b>
            </td>
            <td style="background-color: #FFBBBB; padding: 3px 3px 3px 0;" align="center">
               <div style="width: 50px;">0</div>
            </td>
            <td style="background-color: lightgreen; padding: 3px 3px 3px 0;" align="center">
               <div style="width: 50px;">7</div>
            </td>
            <td style="background-color: #FFFFBB; padding: 3px 3px 3px 0;" align="center">
               <div style="width: 50px;">8</div>
            </td>
            <td align="center" style="background-color: #eaf0f7; padding: 3px 3px 3px 0;">
               <div style="width: 50px;">15</div>
            </td>
            <td align="center"
                style="font-weight: bold; background-color: #eaf0f7; padding: 3px 3px 3px 0;">
               <div style="width: 50px;">47%</div>
            </td>
         </tr>
      </table>
      <div style="width: 200px;">
         <label for="groupMethodsCheckBox" style="font-weight: bold; margin: 0;">
            <input id="groupMethodsCheckBox" type="checkbox" onclick="switchTestMethodsView(this)"></input>
            Group by class
            
         </label>
         <br></br>
         <label for="methodsFilter_ALL" style="font-weight: bold; margin: 0;">
            <input id="methodsFilter_ALL" type="checkbox"
                   onclick="testMethodsFilterChanged(this, 'ALL')"></input>
            All
            
         </label>
      </div>
      <label for="methodsFilter_FAIL" style="margin-left: 20px;">
         <input id="methodsFilter_FAIL" type="checkbox"
                onclick="testMethodsFilterChanged(this, 'FAIL')"
                checked=""></input>
         Failed
         
      </label>
      <label for="methodsFilter_PASS">
         <input id="methodsFilter_PASS" type="checkbox"
                onclick="testMethodsFilterChanged(this, 'PASS')"
                checked=""></input>
         Passed
         
      </label>
      <label for="methodsFilter_SKIP">
         <input id="methodsFilter_SKIP" type="checkbox"
                onclick="testMethodsFilterChanged(this, 'SKIP')"
                checked=""></input>
         Skipped
         
      </label>
      <label for="methodsFilter_CONF">
         <input id="methodsFilter_CONF" type="checkbox"
                onclick="testMethodsFilterChanged(this, 'CONF')"></input>
         Config
         
      </label>
      <br></br>
      <div id="testMethodsByStatus">
         <table class="testMethodsTable" cellpadding="0" cellspacing="0">
            <tr class="methodsTableHeader">
               <td width="100%">Name</td>
               <td nowrap="true">Started</td>
               <td nowrap="true">Duration</td>
               <td>Exception</td>
            </tr>
            <tr id="com.qtpselenium.framework.datadriven.PortFolioSuite.LoginTest_LoginTest_byStatus_passed_PASS1_row"
                class="testMethodStatusPASS">
               <td width="100%" class="firstMethodCell">
                  <a onclick="toggleDetailsVisibility('com.qtpselenium.framework.datadriven.PortFolioSuite.LoginTest_LoginTest_byStatus_passed_PASS1_details')">LoginTest({Col3=C33, Col2=C22, Col1=C11, Runmode=Y, Result=})</a>
               </td>
               <td nowrap="true">12:20:16</td>
               <td nowrap="true" align="right">80 ms
                  
               </td>
               <td nowrap="true">
                   
                  
               </td>
            </tr>
            <tr>
               <td colspan="4" class="detailsBox">
                  <div id="com.qtpselenium.framework.datadriven.PortFolioSuite.LoginTest_LoginTest_byStatus_passed_PASS1_details"
                       class="testMethodDetails">
                     <div>
                        <b>Name: </b>LoginTest
                     </div>
                     <div>
                        <b>Signature: </b>LoginTest(java.util.Hashtable)
                     </div>
                     <div>
                        <b>Parameters: </b>
                        
                        {Col3=C33, Col2=C22, Col1=C11, Runmode=Y, Result=}
                        
                        
                     </div>
                     <div>
                        <b>Start time: </b>12:20:16
                     </div>
                     <div>
                        <b>End time: </b>12:20:16
                     </div>
                     <div>
                        <b>Duration: </b>80 ms
                        
                     </div>
                  </div>
               </td>
            </tr>
            <tr></tr>
            <tr id="com.qtpselenium.framework.datadriven.PortFolioSuite.LoginTest_LoginTest_byStatus_passed_PASS2_row"
                class="testMethodStatusPASS">
               <td width="100%" class="firstMethodCell">
                  <a onclick="toggleDetailsVisibility('com.qtpselenium.framework.datadriven.PortFolioSuite.LoginTest_LoginTest_byStatus_passed_PASS2_details')">LoginTest({Col3=C35, Col2=C24, Col1=C31, Runmode=Y, Result=})</a>
               </td>
               <td nowrap="true">12:20:16</td>
               <td nowrap="true" align="right">59 ms
                  
               </td>
               <td nowrap="true">
                   
                  
               </td>
            </tr>
            <tr>
               <td colspan="4" class="detailsBox">
                  <div id="com.qtpselenium.framework.datadriven.PortFolioSuite.LoginTest_LoginTest_byStatus_passed_PASS2_details"
                       class="testMethodDetails">
                     <div>
                        <b>Name: </b>LoginTest
                     </div>
                     <div>
                        <b>Signature: </b>LoginTest(java.util.Hashtable)
                     </div>
                     <div>
                        <b>Parameters: </b>
                        
                        {Col3=C35, Col2=C24, Col1=C31, Runmode=Y, Result=}
                        
                        
                     </div>
                     <div>
                        <b>Start time: </b>12:20:16
                     </div>
                     <div>
                        <b>End time: </b>12:20:16
                     </div>
                     <div>
                        <b>Duration: </b>59 ms
                        
                     </div>
                  </div>
               </td>
            </tr>
            <tr></tr>
            <tr id="com.qtpselenium.framework.datadriven.PortFolioSuite.Test5_test5_byStatus_passed_PASS3_row"
                class="testMethodStatusPASS">
               <td width="100%" class="firstMethodCell">
                  <a onclick="toggleDetailsVisibility('com.qtpselenium.framework.datadriven.PortFolioSuite.Test5_test5_byStatus_passed_PASS3_details')">test5()</a>
               </td>
               <td nowrap="true">12:20:16</td>
               <td nowrap="true" align="right">0 ms
                  
               </td>
               <td nowrap="true">
                   
                  
               </td>
            </tr>
            <tr>
               <td colspan="4" class="detailsBox">
                  <div id="com.qtpselenium.framework.datadriven.PortFolioSuite.Test5_test5_byStatus_passed_PASS3_details"
                       class="testMethodDetails">
                     <div>
                        <b>Name: </b>test5
                     </div>
                     <div>
                        <b>Signature: </b>test5()
                     </div>
                     <div>
                        <b>Start time: </b>12:20:16
                     </div>
                     <div>
                        <b>End time: </b>12:20:16
                     </div>
                     <div>
                        <b>Duration: </b>0 ms
                        
                     </div>
                  </div>
               </td>
            </tr>
            <tr></tr>
            <tr id="com.qtpselenium.framework.datadriven.PortFolioSuite.Test4_test4_byStatus_passed_PASS4_row"
                class="testMethodStatusPASS">
               <td width="100%" class="firstMethodCell">
                  <a onclick="toggleDetailsVisibility('com.qtpselenium.framework.datadriven.PortFolioSuite.Test4_test4_byStatus_passed_PASS4_details')">test4()</a>
               </td>
               <td nowrap="true">12:20:16</td>
               <td nowrap="true" align="right">0 ms
                  
               </td>
               <td nowrap="true">
                   
                  
               </td>
            </tr>
            <tr>
               <td colspan="4" class="detailsBox">
                  <div id="com.qtpselenium.framework.datadriven.PortFolioSuite.Test4_test4_byStatus_passed_PASS4_details"
                       class="testMethodDetails">
                     <div>
                        <b>Name: </b>test4
                     </div>
                     <div>
                        <b>Signature: </b>test4()
                     </div>
                     <div>
                        <b>Start time: </b>12:20:16
                     </div>
                     <div>
                        <b>End time: </b>12:20:16
                     </div>
                     <div>
                        <b>Duration: </b>0 ms
                        
                     </div>
                  </div>
               </td>
            </tr>
            <tr></tr>
            <tr id="com.qtpselenium.framework.datadriven.suiteB.Test1_test1_byStatus_passed_PASS5_row"
                class="testMethodStatusPASS">
               <td width="100%" class="firstMethodCell">
                  <a onclick="toggleDetailsVisibility('com.qtpselenium.framework.datadriven.suiteB.Test1_test1_byStatus_passed_PASS5_details')">test1({Col3=C33, Col2=C22, Col1=C11, Runmode=Y, Result=})</a>
               </td>
               <td nowrap="true">12:20:16</td>
               <td nowrap="true" align="right">55 ms
                  
               </td>
               <td nowrap="true">
                   
                  
               </td>
            </tr>
            <tr>
               <td colspan="4" class="detailsBox">
                  <div id="com.qtpselenium.framework.datadriven.suiteB.Test1_test1_byStatus_passed_PASS5_details"
                       class="testMethodDetails">
                     <div>
                        <b>Name: </b>test1
                     </div>
                     <div>
                        <b>Signature: </b>test1(java.util.Hashtable)
                     </div>
                     <div>
                        <b>Parameters: </b>
                        
                        {Col3=C33, Col2=C22, Col1=C11, Runmode=Y, Result=}
                        
                        
                     </div>
                     <div>
                        <b>Start time: </b>12:20:16
                     </div>
                     <div>
                        <b>End time: </b>12:20:16
                     </div>
                     <div>
                        <b>Duration: </b>55 ms
                        
                     </div>
                  </div>
               </td>
            </tr>
            <tr></tr>
            <tr id="com.qtpselenium.framework.datadriven.suiteB.Test1_test1_byStatus_passed_PASS6_row"
                class="testMethodStatusPASS">
               <td width="100%" class="firstMethodCell">
                  <a onclick="toggleDetailsVisibility('com.qtpselenium.framework.datadriven.suiteB.Test1_test1_byStatus_passed_PASS6_details')">test1({Col3=C35, Col2=C24, Col1=C31, Runmode=Y, Result=})</a>
               </td>
               <td nowrap="true">12:20:16</td>
               <td nowrap="true" align="right">37 ms
                  
               </td>
               <td nowrap="true">
                   
                  
               </td>
            </tr>
            <tr>
               <td colspan="4" class="detailsBox">
                  <div id="com.qtpselenium.framework.datadriven.suiteB.Test1_test1_byStatus_passed_PASS6_details"
                       class="testMethodDetails">
                     <div>
                        <b>Name: </b>test1
                     </div>
                     <div>
                        <b>Signature: </b>test1(java.util.Hashtable)
                     </div>
                     <div>
                        <b>Parameters: </b>
                        
                        {Col3=C35, Col2=C24, Col1=C31, Runmode=Y, Result=}
                        
                        
                     </div>
                     <div>
                        <b>Start time: </b>12:20:16
                     </div>
                     <div>
                        <b>End time: </b>12:20:17
                     </div>
                     <div>
                        <b>Duration: </b>37 ms
                        
                     </div>
                  </div>
               </td>
            </tr>
            <tr></tr>
            <tr id="com.qtpselenium.framework.datadriven.PortFolioSuite.Test3_test3_byStatus_passed_PASS7_row"
                class="testMethodStatusPASS">
               <td width="100%" class="firstMethodCell">
                  <a onclick="toggleDetailsVisibility('com.qtpselenium.framework.datadriven.PortFolioSuite.Test3_test3_byStatus_passed_PASS7_details')">test3()</a>
               </td>
               <td nowrap="true">12:20:16</td>
               <td nowrap="true" align="right">0 ms
                  
               </td>
               <td nowrap="true">
                   
                  
               </td>
            </tr>
            <tr>
               <td colspan="4" class="detailsBox">
                  <div id="com.qtpselenium.framework.datadriven.PortFolioSuite.Test3_test3_byStatus_passed_PASS7_details"
                       class="testMethodDetails">
                     <div>
                        <b>Name: </b>test3
                     </div>
                     <div>
                        <b>Signature: </b>test3()
                     </div>
                     <div>
                        <b>Start time: </b>12:20:16
                     </div>
                     <div>
                        <b>End time: </b>12:20:16
                     </div>
                     <div>
                        <b>Duration: </b>0 ms
                        
                     </div>
                  </div>
               </td>
            </tr>
            <tr></tr>
            <tr id="com.qtpselenium.framework.datadriven.PortFolioSuite.LoginTest_LoginTest_byStatus_skiped_SKIP1_row"
                class="testMethodStatusSKIP">
               <td width="100%" class="firstMethodCell">
                  <a onclick="toggleDetailsVisibility('com.qtpselenium.framework.datadriven.PortFolioSuite.LoginTest_LoginTest_byStatus_skiped_SKIP1_details')">LoginTest({Col3=C34, Col2=C23, Col1=C21, Runmode=N, Result=})</a>
               </td>
               <td nowrap="true">12:20:16</td>
               <td nowrap="true" align="right">64 ms
                  
               </td>
               <td nowrap="true">
                  <a onclick="toggleDetailsVisibility('com.qtpselenium.framework.datadriven.PortFolioSuite.LoginTest_LoginTest_byStatus_skiped_SKIP1_exception')">org.testng.SkipException: 
                     Skipping the test LoginTest inside the test suite PortFolioSuite
                     
                  </a>
                   
                  
               </td>
            </tr>
            <tr>
               <td colspan="4" class="detailsBox">
                  <div id="com.qtpselenium.framework.datadriven.PortFolioSuite.LoginTest_LoginTest_byStatus_skiped_SKIP1_details"
                       class="testMethodDetails">
                     <div>
                        <b>Name: </b>LoginTest
                     </div>
                     <div>
                        <b>Signature: </b>LoginTest(java.util.Hashtable)
                     </div>
                     <div>
                        <b>Parameters: </b>
                        
                        {Col3=C34, Col2=C23, Col1=C21, Runmode=N, Result=}
                        
                        
                     </div>
                     <div>
                        <b>Start time: </b>12:20:16
                     </div>
                     <div>
                        <b>End time: </b>12:20:16
                     </div>
                     <div>
                        <b>Duration: </b>64 ms
                        
                     </div>
                  </div>
               </td>
            </tr>
            <tr>
               <td colspan="4" class="detailsBox">
                  <div id="com.qtpselenium.framework.datadriven.PortFolioSuite.LoginTest_LoginTest_byStatus_skiped_SKIP1_exception"
                       class="testMethodDetails">
                     <pre style="padding: 5px; margin: 0;">org.testng.SkipException: Skipping the test LoginTest inside the test suite PortFolioSuite
                        	at com.qtpselenium.framwork.datadriven.TestBase.ValidateRunmodes(TestBase.java:55)
                        	at com.qtpselenium.framework.datadriven.PortFolioSuite.LoginTest.LoginTest(LoginTest.java:20)
                        	at sun.reflect.NativeMethodAccessorImpl.invoke0(Native Method)
                        	at sun.reflect.NativeMethodAccessorImpl.invoke(NativeMethodAccessorImpl.java:57)
                        	at sun.reflect.DelegatingMethodAccessorImpl.invoke(DelegatingMethodAccessorImpl.java:43)
                        	at java.lang.reflect.Method.invoke(Method.java:601)
                        	at org.testng.internal.MethodInvocationHelper.invokeMethod(MethodInvocationHelper.java:80)
                        	at org.testng.internal.Invoker.invokeMethod(Invoker.java:673)
                        	at org.testng.internal.Invoker.invokeTestMethod(Invoker.java:842)
                        	at org.testng.internal.Invoker.invokeTestMethods(Invoker.java:1166)
                        	at org.testng.internal.TestMethodWorker.invokeTestMethods(TestMethodWorker.java:125)
                        	at org.testng.internal.TestMethodWorker.run(TestMethodWorker.java:109)
                        	at org.testng.TestRunner.runWorkers(TestRunner.java:1178)
                        	at org.testng.TestRunner.privateRun(TestRunner.java:757)
                        	at org.testng.TestRunner.run(TestRunner.java:608)
                        	at org.testng.SuiteRunner.runTest(SuiteRunner.java:334)
                        	at org.testng.SuiteRunner.runSequentially(SuiteRunner.java:329)
                        	at org.testng.SuiteRunner.privateRun(SuiteRunner.java:291)
                        	at org.testng.SuiteRunner.run(SuiteRunner.java:240)
                        	at org.testng.SuiteRunnerWorker.runSuite(SuiteRunnerWorker.java:52)
                        	at org.testng.SuiteRunnerWorker.run(SuiteRunnerWorker.java:86)
                        	at org.testng.TestNG.runSuitesSequentially(TestNG.java:1158)
                        	at org.testng.TestNG.runSuitesLocally(TestNG.java:1083)
                        	at org.testng.TestNG.run(TestNG.java:999)
                        	at org.apache.maven.surefire.testng.TestNGExecutor.run(TestNGExecutor.java:77)
                        	at org.apache.maven.surefire.testng.TestNGDirectoryTestSuite.executeMulti(TestNGDirectoryTestSuite.java:159)
                        	at org.apache.maven.surefire.testng.TestNGDirectoryTestSuite.execute(TestNGDirectoryTestSuite.java:99)
                        	at org.apache.maven.surefire.testng.TestNGProvider.invoke(TestNGProvider.java:106)
                        	at sun.reflect.NativeMethodAccessorImpl.invoke0(Native Method)
                        	at sun.reflect.NativeMethodAccessorImpl.invoke(NativeMethodAccessorImpl.java:57)
                        	at sun.reflect.DelegatingMethodAccessorImpl.invoke(DelegatingMethodAccessorImpl.java:43)
                        	at java.lang.reflect.Method.invoke(Method.java:601)
                        	at org.apache.maven.surefire.util.ReflectionUtils.invokeMethodWithArray(ReflectionUtils.java:189)
                        	at org.apache.maven.surefire.booter.ProviderFactory$ProviderProxy.invoke(ProviderFactory.java:165)
                        	at org.apache.maven.surefire.booter.ProviderFactory.invokeProvider(ProviderFactory.java:85)
                        	at org.apache.maven.surefire.booter.ForkedBooter.runSuitesInProcess(ForkedBooter.java:115)
                        	at org.apache.maven.surefire.booter.ForkedBooter.main(ForkedBooter.java:75)
                     </pre>
                  </div>
               </td>
            </tr>
            <tr id="com.qtpselenium.framework.datadriven.suiteB.Test1_test1_byStatus_skiped_SKIP2_row"
                class="testMethodStatusSKIP">
               <td width="100%" class="firstMethodCell">
                  <a onclick="toggleDetailsVisibility('com.qtpselenium.framework.datadriven.suiteB.Test1_test1_byStatus_skiped_SKIP2_details')">test1({Col3=C34, Col2=C23, Col1=C21, Runmode=N, Result=})</a>
               </td>
               <td nowrap="true">12:20:16</td>
               <td nowrap="true" align="right">42 ms
                  
               </td>
               <td nowrap="true">
                  <a onclick="toggleDetailsVisibility('com.qtpselenium.framework.datadriven.suiteB.Test1_test1_byStatus_skiped_SKIP2_exception')">org.testng.SkipException: 
                     Skipping the test Test1 inside the test suite SuiteB
                     
                  </a>
                   
                  
               </td>
            </tr>
            <tr>
               <td colspan="4" class="detailsBox">
                  <div id="com.qtpselenium.framework.datadriven.suiteB.Test1_test1_byStatus_skiped_SKIP2_details"
                       class="testMethodDetails">
                     <div>
                        <b>Name: </b>test1
                     </div>
                     <div>
                        <b>Signature: </b>test1(java.util.Hashtable)
                     </div>
                     <div>
                        <b>Parameters: </b>
                        
                        {Col3=C34, Col2=C23, Col1=C21, Runmode=N, Result=}
                        
                        
                     </div>
                     <div>
                        <b>Start time: </b>12:20:16
                     </div>
                     <div>
                        <b>End time: </b>12:20:16
                     </div>
                     <div>
                        <b>Duration: </b>42 ms
                        
                     </div>
                  </div>
               </td>
            </tr>
            <tr>
               <td colspan="4" class="detailsBox">
                  <div id="com.qtpselenium.framework.datadriven.suiteB.Test1_test1_byStatus_skiped_SKIP2_exception"
                       class="testMethodDetails">
                     <pre style="padding: 5px; margin: 0;">org.testng.SkipException: Skipping the test Test1 inside the test suite SuiteB
                        	at com.qtpselenium.framwork.datadriven.TestBase.ValidateRunmodes(TestBase.java:55)
                        	at com.qtpselenium.framework.datadriven.suiteB.Test1.test1(Test1.java:19)
                        	at sun.reflect.NativeMethodAccessorImpl.invoke0(Native Method)
                        	at sun.reflect.NativeMethodAccessorImpl.invoke(NativeMethodAccessorImpl.java:57)
                        	at sun.reflect.DelegatingMethodAccessorImpl.invoke(DelegatingMethodAccessorImpl.java:43)
                        	at java.lang.reflect.Method.invoke(Method.java:601)
                        	at org.testng.internal.MethodInvocationHelper.invokeMethod(MethodInvocationHelper.java:80)
                        	at org.testng.internal.Invoker.invokeMethod(Invoker.java:673)
                        	at org.testng.internal.Invoker.invokeTestMethod(Invoker.java:842)
                        	at org.testng.internal.Invoker.invokeTestMethods(Invoker.java:1166)
                        	at org.testng.internal.TestMethodWorker.invokeTestMethods(TestMethodWorker.java:125)
                        	at org.testng.internal.TestMethodWorker.run(TestMethodWorker.java:109)
                        	at org.testng.TestRunner.runWorkers(TestRunner.java:1178)
                        	at org.testng.TestRunner.privateRun(TestRunner.java:757)
                        	at org.testng.TestRunner.run(TestRunner.java:608)
                        	at org.testng.SuiteRunner.runTest(SuiteRunner.java:334)
                        	at org.testng.SuiteRunner.runSequentially(SuiteRunner.java:329)
                        	at org.testng.SuiteRunner.privateRun(SuiteRunner.java:291)
                        	at org.testng.SuiteRunner.run(SuiteRunner.java:240)
                        	at org.testng.SuiteRunnerWorker.runSuite(SuiteRunnerWorker.java:52)
                        	at org.testng.SuiteRunnerWorker.run(SuiteRunnerWorker.java:86)
                        	at org.testng.TestNG.runSuitesSequentially(TestNG.java:1158)
                        	at org.testng.TestNG.runSuitesLocally(TestNG.java:1083)
                        	at org.testng.TestNG.run(TestNG.java:999)
                        	at org.apache.maven.surefire.testng.TestNGExecutor.run(TestNGExecutor.java:77)
                        	at org.apache.maven.surefire.testng.TestNGDirectoryTestSuite.executeMulti(TestNGDirectoryTestSuite.java:159)
                        	at org.apache.maven.surefire.testng.TestNGDirectoryTestSuite.execute(TestNGDirectoryTestSuite.java:99)
                        	at org.apache.maven.surefire.testng.TestNGProvider.invoke(TestNGProvider.java:106)
                        	at sun.reflect.NativeMethodAccessorImpl.invoke0(Native Method)
                        	at sun.reflect.NativeMethodAccessorImpl.invoke(NativeMethodAccessorImpl.java:57)
                        	at sun.reflect.DelegatingMethodAccessorImpl.invoke(DelegatingMethodAccessorImpl.java:43)
                        	at java.lang.reflect.Method.invoke(Method.java:601)
                        	at org.apache.maven.surefire.util.ReflectionUtils.invokeMethodWithArray(ReflectionUtils.java:189)
                        	at org.apache.maven.surefire.booter.ProviderFactory$ProviderProxy.invoke(ProviderFactory.java:165)
                        	at org.apache.maven.surefire.booter.ProviderFactory.invokeProvider(ProviderFactory.java:85)
                        	at org.apache.maven.surefire.booter.ForkedBooter.runSuitesInProcess(ForkedBooter.java:115)
                        	at org.apache.maven.surefire.booter.ForkedBooter.main(ForkedBooter.java:75)
                     </pre>
                  </div>
               </td>
            </tr>
            <tr id="com.qtpselenium.framework.datadriven.suiteB.Test2_test2_byStatus_skiped_SKIP3_row"
                class="testMethodStatusSKIP">
               <td width="100%" class="firstMethodCell">
                  <a onclick="toggleDetailsVisibility('com.qtpselenium.framework.datadriven.suiteB.Test2_test2_byStatus_skiped_SKIP3_details')">test2({Col4=C43, Col3=C33, Col2=C22, Col1=C11, Runmode=Y, Result=})</a>
               </td>
               <td nowrap="true">12:20:17</td>
               <td nowrap="true" align="right">37 ms
                  
               </td>
               <td nowrap="true">
                  <a onclick="toggleDetailsVisibility('com.qtpselenium.framework.datadriven.suiteB.Test2_test2_byStatus_skiped_SKIP3_exception')">org.testng.SkipException: 
                     Skipping the test Test2 inside the test suite SuiteB
                     
                  </a>
                   
                  
               </td>
            </tr>
            <tr>
               <td colspan="4" class="detailsBox">
                  <div id="com.qtpselenium.framework.datadriven.suiteB.Test2_test2_byStatus_skiped_SKIP3_details"
                       class="testMethodDetails">
                     <div>
                        <b>Name: </b>test2
                     </div>
                     <div>
                        <b>Signature: </b>test2(java.util.Hashtable)
                     </div>
                     <div>
                        <b>Parameters: </b>
                        
                        {Col4=C43, Col3=C33, Col2=C22, Col1=C11, Runmode=Y, Result=}
                        
                        
                     </div>
                     <div>
                        <b>Start time: </b>12:20:17
                     </div>
                     <div>
                        <b>End time: </b>12:20:17
                     </div>
                     <div>
                        <b>Duration: </b>37 ms
                        
                     </div>
                  </div>
               </td>
            </tr>
            <tr>
               <td colspan="4" class="detailsBox">
                  <div id="com.qtpselenium.framework.datadriven.suiteB.Test2_test2_byStatus_skiped_SKIP3_exception"
                       class="testMethodDetails">
                     <pre style="padding: 5px; margin: 0;">org.testng.SkipException: Skipping the test Test2 inside the test suite SuiteB
                        	at com.qtpselenium.framwork.datadriven.TestBase.ValidateRunmodes(TestBase.java:55)
                        	at com.qtpselenium.framework.datadriven.suiteB.Test2.test2(Test2.java:19)
                        	at sun.reflect.NativeMethodAccessorImpl.invoke0(Native Method)
                        	at sun.reflect.NativeMethodAccessorImpl.invoke(NativeMethodAccessorImpl.java:57)
                        	at sun.reflect.DelegatingMethodAccessorImpl.invoke(DelegatingMethodAccessorImpl.java:43)
                        	at java.lang.reflect.Method.invoke(Method.java:601)
                        	at org.testng.internal.MethodInvocationHelper.invokeMethod(MethodInvocationHelper.java:80)
                        	at org.testng.internal.Invoker.invokeMethod(Invoker.java:673)
                        	at org.testng.internal.Invoker.invokeTestMethod(Invoker.java:842)
                        	at org.testng.internal.Invoker.invokeTestMethods(Invoker.java:1166)
                        	at org.testng.internal.TestMethodWorker.invokeTestMethods(TestMethodWorker.java:125)
                        	at org.testng.internal.TestMethodWorker.run(TestMethodWorker.java:109)
                        	at org.testng.TestRunner.runWorkers(TestRunner.java:1178)
                        	at org.testng.TestRunner.privateRun(TestRunner.java:757)
                        	at org.testng.TestRunner.run(TestRunner.java:608)
                        	at org.testng.SuiteRunner.runTest(SuiteRunner.java:334)
                        	at org.testng.SuiteRunner.runSequentially(SuiteRunner.java:329)
                        	at org.testng.SuiteRunner.privateRun(SuiteRunner.java:291)
                        	at org.testng.SuiteRunner.run(SuiteRunner.java:240)
                        	at org.testng.SuiteRunnerWorker.runSuite(SuiteRunnerWorker.java:52)
                        	at org.testng.SuiteRunnerWorker.run(SuiteRunnerWorker.java:86)
                        	at org.testng.TestNG.runSuitesSequentially(TestNG.java:1158)
                        	at org.testng.TestNG.runSuitesLocally(TestNG.java:1083)
                        	at org.testng.TestNG.run(TestNG.java:999)
                        	at org.apache.maven.surefire.testng.TestNGExecutor.run(TestNGExecutor.java:77)
                        	at org.apache.maven.surefire.testng.TestNGDirectoryTestSuite.executeMulti(TestNGDirectoryTestSuite.java:159)
                        	at org.apache.maven.surefire.testng.TestNGDirectoryTestSuite.execute(TestNGDirectoryTestSuite.java:99)
                        	at org.apache.maven.surefire.testng.TestNGProvider.invoke(TestNGProvider.java:106)
                        	at sun.reflect.NativeMethodAccessorImpl.invoke0(Native Method)
                        	at sun.reflect.NativeMethodAccessorImpl.invoke(NativeMethodAccessorImpl.java:57)
                        	at sun.reflect.DelegatingMethodAccessorImpl.invoke(DelegatingMethodAccessorImpl.java:43)
                        	at java.lang.reflect.Method.invoke(Method.java:601)
                        	at org.apache.maven.surefire.util.ReflectionUtils.invokeMethodWithArray(ReflectionUtils.java:189)
                        	at org.apache.maven.surefire.booter.ProviderFactory$ProviderProxy.invoke(ProviderFactory.java:165)
                        	at org.apache.maven.surefire.booter.ProviderFactory.invokeProvider(ProviderFactory.java:85)
                        	at org.apache.maven.surefire.booter.ForkedBooter.runSuitesInProcess(ForkedBooter.java:115)
                        	at org.apache.maven.surefire.booter.ForkedBooter.main(ForkedBooter.java:75)
                     </pre>
                  </div>
               </td>
            </tr>
            <tr id="com.qtpselenium.framework.datadriven.suiteB.Test2_test2_byStatus_skiped_SKIP4_row"
                class="testMethodStatusSKIP">
               <td width="100%" class="firstMethodCell">
                  <a onclick="toggleDetailsVisibility('com.qtpselenium.framework.datadriven.suiteB.Test2_test2_byStatus_skiped_SKIP4_details')">test2({Col4=C45, Col3=C34, Col2=C23, Col1=C21, Runmode=N, Result=})</a>
               </td>
               <td nowrap="true">12:20:17</td>
               <td nowrap="true" align="right">30 ms
                  
               </td>
               <td nowrap="true">
                  <a onclick="toggleDetailsVisibility('com.qtpselenium.framework.datadriven.suiteB.Test2_test2_byStatus_skiped_SKIP4_exception')">org.testng.SkipException: 
                     Skipping the test Test2 inside the test suite SuiteB
                     
                  </a>
                   
                  
               </td>
            </tr>
            <tr>
               <td colspan="4" class="detailsBox">
                  <div id="com.qtpselenium.framework.datadriven.suiteB.Test2_test2_byStatus_skiped_SKIP4_details"
                       class="testMethodDetails">
                     <div>
                        <b>Name: </b>test2
                     </div>
                     <div>
                        <b>Signature: </b>test2(java.util.Hashtable)
                     </div>
                     <div>
                        <b>Parameters: </b>
                        
                        {Col4=C45, Col3=C34, Col2=C23, Col1=C21, Runmode=N, Result=}
                        
                        
                     </div>
                     <div>
                        <b>Start time: </b>12:20:17
                     </div>
                     <div>
                        <b>End time: </b>12:20:17
                     </div>
                     <div>
                        <b>Duration: </b>30 ms
                        
                     </div>
                  </div>
               </td>
            </tr>
            <tr>
               <td colspan="4" class="detailsBox">
                  <div id="com.qtpselenium.framework.datadriven.suiteB.Test2_test2_byStatus_skiped_SKIP4_exception"
                       class="testMethodDetails">
                     <pre style="padding: 5px; margin: 0;">org.testng.SkipException: Skipping the test Test2 inside the test suite SuiteB
                        	at com.qtpselenium.framwork.datadriven.TestBase.ValidateRunmodes(TestBase.java:55)
                        	at com.qtpselenium.framework.datadriven.suiteB.Test2.test2(Test2.java:19)
                        	at sun.reflect.NativeMethodAccessorImpl.invoke0(Native Method)
                        	at sun.reflect.NativeMethodAccessorImpl.invoke(NativeMethodAccessorImpl.java:57)
                        	at sun.reflect.DelegatingMethodAccessorImpl.invoke(DelegatingMethodAccessorImpl.java:43)
                        	at java.lang.reflect.Method.invoke(Method.java:601)
                        	at org.testng.internal.MethodInvocationHelper.invokeMethod(MethodInvocationHelper.java:80)
                        	at org.testng.internal.Invoker.invokeMethod(Invoker.java:673)
                        	at org.testng.internal.Invoker.invokeTestMethod(Invoker.java:842)
                        	at org.testng.internal.Invoker.invokeTestMethods(Invoker.java:1166)
                        	at org.testng.internal.TestMethodWorker.invokeTestMethods(TestMethodWorker.java:125)
                        	at org.testng.internal.TestMethodWorker.run(TestMethodWorker.java:109)
                        	at org.testng.TestRunner.runWorkers(TestRunner.java:1178)
                        	at org.testng.TestRunner.privateRun(TestRunner.java:757)
                        	at org.testng.TestRunner.run(TestRunner.java:608)
                        	at org.testng.SuiteRunner.runTest(SuiteRunner.java:334)
                        	at org.testng.SuiteRunner.runSequentially(SuiteRunner.java:329)
                        	at org.testng.SuiteRunner.privateRun(SuiteRunner.java:291)
                        	at org.testng.SuiteRunner.run(SuiteRunner.java:240)
                        	at org.testng.SuiteRunnerWorker.runSuite(SuiteRunnerWorker.java:52)
                        	at org.testng.SuiteRunnerWorker.run(SuiteRunnerWorker.java:86)
                        	at org.testng.TestNG.runSuitesSequentially(TestNG.java:1158)
                        	at org.testng.TestNG.runSuitesLocally(TestNG.java:1083)
                        	at org.testng.TestNG.run(TestNG.java:999)
                        	at org.apache.maven.surefire.testng.TestNGExecutor.run(TestNGExecutor.java:77)
                        	at org.apache.maven.surefire.testng.TestNGDirectoryTestSuite.executeMulti(TestNGDirectoryTestSuite.java:159)
                        	at org.apache.maven.surefire.testng.TestNGDirectoryTestSuite.execute(TestNGDirectoryTestSuite.java:99)
                        	at org.apache.maven.surefire.testng.TestNGProvider.invoke(TestNGProvider.java:106)
                        	at sun.reflect.NativeMethodAccessorImpl.invoke0(Native Method)
                        	at sun.reflect.NativeMethodAccessorImpl.invoke(NativeMethodAccessorImpl.java:57)
                        	at sun.reflect.DelegatingMethodAccessorImpl.invoke(DelegatingMethodAccessorImpl.java:43)
                        	at java.lang.reflect.Method.invoke(Method.java:601)
                        	at org.apache.maven.surefire.util.ReflectionUtils.invokeMethodWithArray(ReflectionUtils.java:189)
                        	at org.apache.maven.surefire.booter.ProviderFactory$ProviderProxy.invoke(ProviderFactory.java:165)
                        	at org.apache.maven.surefire.booter.ProviderFactory.invokeProvider(ProviderFactory.java:85)
                        	at org.apache.maven.surefire.booter.ForkedBooter.runSuitesInProcess(ForkedBooter.java:115)
                        	at org.apache.maven.surefire.booter.ForkedBooter.main(ForkedBooter.java:75)
                     </pre>
                  </div>
               </td>
            </tr>
            <tr id="com.qtpselenium.framework.datadriven.suiteB.Test2_test2_byStatus_skiped_SKIP5_row"
                class="testMethodStatusSKIP">
               <td width="100%" class="firstMethodCell">
                  <a onclick="toggleDetailsVisibility('com.qtpselenium.framework.datadriven.suiteB.Test2_test2_byStatus_skiped_SKIP5_details')">test2({Col4=C46, Col3=C35, Col2=C24, Col1=C31, Runmode=Y, Result=})</a>
               </td>
               <td nowrap="true">12:20:17</td>
               <td nowrap="true" align="right">36 ms
                  
               </td>
               <td nowrap="true">
                  <a onclick="toggleDetailsVisibility('com.qtpselenium.framework.datadriven.suiteB.Test2_test2_byStatus_skiped_SKIP5_exception')">org.testng.SkipException: 
                     Skipping the test Test2 inside the test suite SuiteB
                     
                  </a>
                   
                  
               </td>
            </tr>
            <tr>
               <td colspan="4" class="detailsBox">
                  <div id="com.qtpselenium.framework.datadriven.suiteB.Test2_test2_byStatus_skiped_SKIP5_details"
                       class="testMethodDetails">
                     <div>
                        <b>Name: </b>test2
                     </div>
                     <div>
                        <b>Signature: </b>test2(java.util.Hashtable)
                     </div>
                     <div>
                        <b>Parameters: </b>
                        
                        {Col4=C46, Col3=C35, Col2=C24, Col1=C31, Runmode=Y, Result=}
                        
                        
                     </div>
                     <div>
                        <b>Start time: </b>12:20:17
                     </div>
                     <div>
                        <b>End time: </b>12:20:17
                     </div>
                     <div>
                        <b>Duration: </b>36 ms
                        
                     </div>
                  </div>
               </td>
            </tr>
            <tr>
               <td colspan="4" class="detailsBox">
                  <div id="com.qtpselenium.framework.datadriven.suiteB.Test2_test2_byStatus_skiped_SKIP5_exception"
                       class="testMethodDetails">
                     <pre style="padding: 5px; margin: 0;">org.testng.SkipException: Skipping the test Test2 inside the test suite SuiteB
                        	at com.qtpselenium.framwork.datadriven.TestBase.ValidateRunmodes(TestBase.java:55)
                        	at com.qtpselenium.framework.datadriven.suiteB.Test2.test2(Test2.java:19)
                        	at sun.reflect.NativeMethodAccessorImpl.invoke0(Native Method)
                        	at sun.reflect.NativeMethodAccessorImpl.invoke(NativeMethodAccessorImpl.java:57)
                        	at sun.reflect.DelegatingMethodAccessorImpl.invoke(DelegatingMethodAccessorImpl.java:43)
                        	at java.lang.reflect.Method.invoke(Method.java:601)
                        	at org.testng.internal.MethodInvocationHelper.invokeMethod(MethodInvocationHelper.java:80)
                        	at org.testng.internal.Invoker.invokeMethod(Invoker.java:673)
                        	at org.testng.internal.Invoker.invokeTestMethod(Invoker.java:842)
                        	at org.testng.internal.Invoker.invokeTestMethods(Invoker.java:1166)
                        	at org.testng.internal.TestMethodWorker.invokeTestMethods(TestMethodWorker.java:125)
                        	at org.testng.internal.TestMethodWorker.run(TestMethodWorker.java:109)
                        	at org.testng.TestRunner.runWorkers(TestRunner.java:1178)
                        	at org.testng.TestRunner.privateRun(TestRunner.java:757)
                        	at org.testng.TestRunner.run(TestRunner.java:608)
                        	at org.testng.SuiteRunner.runTest(SuiteRunner.java:334)
                        	at org.testng.SuiteRunner.runSequentially(SuiteRunner.java:329)
                        	at org.testng.SuiteRunner.privateRun(SuiteRunner.java:291)
                        	at org.testng.SuiteRunner.run(SuiteRunner.java:240)
                        	at org.testng.SuiteRunnerWorker.runSuite(SuiteRunnerWorker.java:52)
                        	at org.testng.SuiteRunnerWorker.run(SuiteRunnerWorker.java:86)
                        	at org.testng.TestNG.runSuitesSequentially(TestNG.java:1158)
                        	at org.testng.TestNG.runSuitesLocally(TestNG.java:1083)
                        	at org.testng.TestNG.run(TestNG.java:999)
                        	at org.apache.maven.surefire.testng.TestNGExecutor.run(TestNGExecutor.java:77)
                        	at org.apache.maven.surefire.testng.TestNGDirectoryTestSuite.executeMulti(TestNGDirectoryTestSuite.java:159)
                        	at org.apache.maven.surefire.testng.TestNGDirectoryTestSuite.execute(TestNGDirectoryTestSuite.java:99)
                        	at org.apache.maven.surefire.testng.TestNGProvider.invoke(TestNGProvider.java:106)
                        	at sun.reflect.NativeMethodAccessorImpl.invoke0(Native Method)
                        	at sun.reflect.NativeMethodAccessorImpl.invoke(NativeMethodAccessorImpl.java:57)
                        	at sun.reflect.DelegatingMethodAccessorImpl.invoke(DelegatingMethodAccessorImpl.java:43)
                        	at java.lang.reflect.Method.invoke(Method.java:601)
                        	at org.apache.maven.surefire.util.ReflectionUtils.invokeMethodWithArray(ReflectionUtils.java:189)
                        	at org.apache.maven.surefire.booter.ProviderFactory$ProviderProxy.invoke(ProviderFactory.java:165)
                        	at org.apache.maven.surefire.booter.ProviderFactory.invokeProvider(ProviderFactory.java:85)
                        	at org.apache.maven.surefire.booter.ForkedBooter.runSuitesInProcess(ForkedBooter.java:115)
                        	at org.apache.maven.surefire.booter.ForkedBooter.main(ForkedBooter.java:75)
                     </pre>
                  </div>
               </td>
            </tr>
            <tr id="com.qtpselenium.framework.datadriven.PortFolioSuite.Test2_test2_byStatus_skiped_SKIP6_row"
                class="testMethodStatusSKIP">
               <td width="100%" class="firstMethodCell">
                  <a onclick="toggleDetailsVisibility('com.qtpselenium.framework.datadriven.PortFolioSuite.Test2_test2_byStatus_skiped_SKIP6_details')">test2({Col4=C43, Col3=C33, Col2=C22, Col1=C11, Runmode=Y, Result=})</a>
               </td>
               <td nowrap="true">12:20:16</td>
               <td nowrap="true" align="right">52 ms
                  
               </td>
               <td nowrap="true">
                  <a onclick="toggleDetailsVisibility('com.qtpselenium.framework.datadriven.PortFolioSuite.Test2_test2_byStatus_skiped_SKIP6_exception')">org.testng.SkipException: 
                     Skipping the test Test2 inside the test suite PortFolioSuite
                     
                  </a>
                   
                  
               </td>
            </tr>
            <tr>
               <td colspan="4" class="detailsBox">
                  <div id="com.qtpselenium.framework.datadriven.PortFolioSuite.Test2_test2_byStatus_skiped_SKIP6_details"
                       class="testMethodDetails">
                     <div>
                        <b>Name: </b>test2
                     </div>
                     <div>
                        <b>Signature: </b>test2(java.util.Hashtable)
                     </div>
                     <div>
                        <b>Parameters: </b>
                        
                        {Col4=C43, Col3=C33, Col2=C22, Col1=C11, Runmode=Y, Result=}
                        
                        
                     </div>
                     <div>
                        <b>Start time: </b>12:20:16
                     </div>
                     <div>
                        <b>End time: </b>12:20:16
                     </div>
                     <div>
                        <b>Duration: </b>52 ms
                        
                     </div>
                  </div>
               </td>
            </tr>
            <tr>
               <td colspan="4" class="detailsBox">
                  <div id="com.qtpselenium.framework.datadriven.PortFolioSuite.Test2_test2_byStatus_skiped_SKIP6_exception"
                       class="testMethodDetails">
                     <pre style="padding: 5px; margin: 0;">org.testng.SkipException: Skipping the test Test2 inside the test suite PortFolioSuite
                        	at com.qtpselenium.framwork.datadriven.TestBase.ValidateRunmodes(TestBase.java:55)
                        	at com.qtpselenium.framework.datadriven.PortFolioSuite.Test2.test2(Test2.java:19)
                        	at sun.reflect.NativeMethodAccessorImpl.invoke0(Native Method)
                        	at sun.reflect.NativeMethodAccessorImpl.invoke(NativeMethodAccessorImpl.java:57)
                        	at sun.reflect.DelegatingMethodAccessorImpl.invoke(DelegatingMethodAccessorImpl.java:43)
                        	at java.lang.reflect.Method.invoke(Method.java:601)
                        	at org.testng.internal.MethodInvocationHelper.invokeMethod(MethodInvocationHelper.java:80)
                        	at org.testng.internal.Invoker.invokeMethod(Invoker.java:673)
                        	at org.testng.internal.Invoker.invokeTestMethod(Invoker.java:842)
                        	at org.testng.internal.Invoker.invokeTestMethods(Invoker.java:1166)
                        	at org.testng.internal.TestMethodWorker.invokeTestMethods(TestMethodWorker.java:125)
                        	at org.testng.internal.TestMethodWorker.run(TestMethodWorker.java:109)
                        	at org.testng.TestRunner.runWorkers(TestRunner.java:1178)
                        	at org.testng.TestRunner.privateRun(TestRunner.java:757)
                        	at org.testng.TestRunner.run(TestRunner.java:608)
                        	at org.testng.SuiteRunner.runTest(SuiteRunner.java:334)
                        	at org.testng.SuiteRunner.runSequentially(SuiteRunner.java:329)
                        	at org.testng.SuiteRunner.privateRun(SuiteRunner.java:291)
                        	at org.testng.SuiteRunner.run(SuiteRunner.java:240)
                        	at org.testng.SuiteRunnerWorker.runSuite(SuiteRunnerWorker.java:52)
                        	at org.testng.SuiteRunnerWorker.run(SuiteRunnerWorker.java:86)
                        	at org.testng.TestNG.runSuitesSequentially(TestNG.java:1158)
                        	at org.testng.TestNG.runSuitesLocally(TestNG.java:1083)
                        	at org.testng.TestNG.run(TestNG.java:999)
                        	at org.apache.maven.surefire.testng.TestNGExecutor.run(TestNGExecutor.java:77)
                        	at org.apache.maven.surefire.testng.TestNGDirectoryTestSuite.executeMulti(TestNGDirectoryTestSuite.java:159)
                        	at org.apache.maven.surefire.testng.TestNGDirectoryTestSuite.execute(TestNGDirectoryTestSuite.java:99)
                        	at org.apache.maven.surefire.testng.TestNGProvider.invoke(TestNGProvider.java:106)
                        	at sun.reflect.NativeMethodAccessorImpl.invoke0(Native Method)
                        	at sun.reflect.NativeMethodAccessorImpl.invoke(NativeMethodAccessorImpl.java:57)
                        	at sun.reflect.DelegatingMethodAccessorImpl.invoke(DelegatingMethodAccessorImpl.java:43)
                        	at java.lang.reflect.Method.invoke(Method.java:601)
                        	at org.apache.maven.surefire.util.ReflectionUtils.invokeMethodWithArray(ReflectionUtils.java:189)
                        	at org.apache.maven.surefire.booter.ProviderFactory$ProviderProxy.invoke(ProviderFactory.java:165)
                        	at org.apache.maven.surefire.booter.ProviderFactory.invokeProvider(ProviderFactory.java:85)
                        	at org.apache.maven.surefire.booter.ForkedBooter.runSuitesInProcess(ForkedBooter.java:115)
                        	at org.apache.maven.surefire.booter.ForkedBooter.main(ForkedBooter.java:75)
                     </pre>
                  </div>
               </td>
            </tr>
            <tr id="com.qtpselenium.framework.datadriven.PortFolioSuite.Test2_test2_byStatus_skiped_SKIP7_row"
                class="testMethodStatusSKIP">
               <td width="100%" class="firstMethodCell">
                  <a onclick="toggleDetailsVisibility('com.qtpselenium.framework.datadriven.PortFolioSuite.Test2_test2_byStatus_skiped_SKIP7_details')">test2({Col4=C45, Col3=C34, Col2=C23, Col1=C21, Runmode=N, Result=})</a>
               </td>
               <td nowrap="true">12:20:16</td>
               <td nowrap="true" align="right">48 ms
                  
               </td>
               <td nowrap="true">
                  <a onclick="toggleDetailsVisibility('com.qtpselenium.framework.datadriven.PortFolioSuite.Test2_test2_byStatus_skiped_SKIP7_exception')">org.testng.SkipException: 
                     Skipping the test Test2 inside the test suite PortFolioSuite
                     
                  </a>
                   
                  
               </td>
            </tr>
            <tr>
               <td colspan="4" class="detailsBox">
                  <div id="com.qtpselenium.framework.datadriven.PortFolioSuite.Test2_test2_byStatus_skiped_SKIP7_details"
                       class="testMethodDetails">
                     <div>
                        <b>Name: </b>test2
                     </div>
                     <div>
                        <b>Signature: </b>test2(java.util.Hashtable)
                     </div>
                     <div>
                        <b>Parameters: </b>
                        
                        {Col4=C45, Col3=C34, Col2=C23, Col1=C21, Runmode=N, Result=}
                        
                        
                     </div>
                     <div>
                        <b>Start time: </b>12:20:16
                     </div>
                     <div>
                        <b>End time: </b>12:20:16
                     </div>
                     <div>
                        <b>Duration: </b>48 ms
                        
                     </div>
                  </div>
               </td>
            </tr>
            <tr>
               <td colspan="4" class="detailsBox">
                  <div id="com.qtpselenium.framework.datadriven.PortFolioSuite.Test2_test2_byStatus_skiped_SKIP7_exception"
                       class="testMethodDetails">
                     <pre style="padding: 5px; margin: 0;">org.testng.SkipException: Skipping the test Test2 inside the test suite PortFolioSuite
                        	at com.qtpselenium.framwork.datadriven.TestBase.ValidateRunmodes(TestBase.java:55)
                        	at com.qtpselenium.framework.datadriven.PortFolioSuite.Test2.test2(Test2.java:19)
                        	at sun.reflect.NativeMethodAccessorImpl.invoke0(Native Method)
                        	at sun.reflect.NativeMethodAccessorImpl.invoke(NativeMethodAccessorImpl.java:57)
                        	at sun.reflect.DelegatingMethodAccessorImpl.invoke(DelegatingMethodAccessorImpl.java:43)
                        	at java.lang.reflect.Method.invoke(Method.java:601)
                        	at org.testng.internal.MethodInvocationHelper.invokeMethod(MethodInvocationHelper.java:80)
                        	at org.testng.internal.Invoker.invokeMethod(Invoker.java:673)
                        	at org.testng.internal.Invoker.invokeTestMethod(Invoker.java:842)
                        	at org.testng.internal.Invoker.invokeTestMethods(Invoker.java:1166)
                        	at org.testng.internal.TestMethodWorker.invokeTestMethods(TestMethodWorker.java:125)
                        	at org.testng.internal.TestMethodWorker.run(TestMethodWorker.java:109)
                        	at org.testng.TestRunner.runWorkers(TestRunner.java:1178)
                        	at org.testng.TestRunner.privateRun(TestRunner.java:757)
                        	at org.testng.TestRunner.run(TestRunner.java:608)
                        	at org.testng.SuiteRunner.runTest(SuiteRunner.java:334)
                        	at org.testng.SuiteRunner.runSequentially(SuiteRunner.java:329)
                        	at org.testng.SuiteRunner.privateRun(SuiteRunner.java:291)
                        	at org.testng.SuiteRunner.run(SuiteRunner.java:240)
                        	at org.testng.SuiteRunnerWorker.runSuite(SuiteRunnerWorker.java:52)
                        	at org.testng.SuiteRunnerWorker.run(SuiteRunnerWorker.java:86)
                        	at org.testng.TestNG.runSuitesSequentially(TestNG.java:1158)
                        	at org.testng.TestNG.runSuitesLocally(TestNG.java:1083)
                        	at org.testng.TestNG.run(TestNG.java:999)
                        	at org.apache.maven.surefire.testng.TestNGExecutor.run(TestNGExecutor.java:77)
                        	at org.apache.maven.surefire.testng.TestNGDirectoryTestSuite.executeMulti(TestNGDirectoryTestSuite.java:159)
                        	at org.apache.maven.surefire.testng.TestNGDirectoryTestSuite.execute(TestNGDirectoryTestSuite.java:99)
                        	at org.apache.maven.surefire.testng.TestNGProvider.invoke(TestNGProvider.java:106)
                        	at sun.reflect.NativeMethodAccessorImpl.invoke0(Native Method)
                        	at sun.reflect.NativeMethodAccessorImpl.invoke(NativeMethodAccessorImpl.java:57)
                        	at sun.reflect.DelegatingMethodAccessorImpl.invoke(DelegatingMethodAccessorImpl.java:43)
                        	at java.lang.reflect.Method.invoke(Method.java:601)
                        	at org.apache.maven.surefire.util.ReflectionUtils.invokeMethodWithArray(ReflectionUtils.java:189)
                        	at org.apache.maven.surefire.booter.ProviderFactory$ProviderProxy.invoke(ProviderFactory.java:165)
                        	at org.apache.maven.surefire.booter.ProviderFactory.invokeProvider(ProviderFactory.java:85)
                        	at org.apache.maven.surefire.booter.ForkedBooter.runSuitesInProcess(ForkedBooter.java:115)
                        	at org.apache.maven.surefire.booter.ForkedBooter.main(ForkedBooter.java:75)
                     </pre>
                  </div>
               </td>
            </tr>
            <tr id="com.qtpselenium.framework.datadriven.PortFolioSuite.Test2_test2_byStatus_skiped_SKIP8_row"
                class="testMethodStatusSKIP">
               <td width="100%" class="firstMethodCell">
                  <a onclick="toggleDetailsVisibility('com.qtpselenium.framework.datadriven.PortFolioSuite.Test2_test2_byStatus_skiped_SKIP8_details')">test2({Col4=C46, Col3=C35, Col2=C24, Col1=C31, Runmode=Y, Result=})</a>
               </td>
               <td nowrap="true">12:20:16</td>
               <td nowrap="true" align="right">38 ms
                  
               </td>
               <td nowrap="true">
                  <a onclick="toggleDetailsVisibility('com.qtpselenium.framework.datadriven.PortFolioSuite.Test2_test2_byStatus_skiped_SKIP8_exception')">org.testng.SkipException: 
                     Skipping the test Test2 inside the test suite PortFolioSuite
                     
                  </a>
                   
                  
               </td>
            </tr>
            <tr>
               <td colspan="4" class="detailsBox">
                  <div id="com.qtpselenium.framework.datadriven.PortFolioSuite.Test2_test2_byStatus_skiped_SKIP8_details"
                       class="testMethodDetails">
                     <div>
                        <b>Name: </b>test2
                     </div>
                     <div>
                        <b>Signature: </b>test2(java.util.Hashtable)
                     </div>
                     <div>
                        <b>Parameters: </b>
                        
                        {Col4=C46, Col3=C35, Col2=C24, Col1=C31, Runmode=Y, Result=}
                        
                        
                     </div>
                     <div>
                        <b>Start time: </b>12:20:16
                     </div>
                     <div>
                        <b>End time: </b>12:20:16
                     </div>
                     <div>
                        <b>Duration: </b>38 ms
                        
                     </div>
                  </div>
               </td>
            </tr>
            <tr>
               <td colspan="4" class="detailsBox">
                  <div id="com.qtpselenium.framework.datadriven.PortFolioSuite.Test2_test2_byStatus_skiped_SKIP8_exception"
                       class="testMethodDetails">
                     <pre style="padding: 5px; margin: 0;">org.testng.SkipException: Skipping the test Test2 inside the test suite PortFolioSuite
                        	at com.qtpselenium.framwork.datadriven.TestBase.ValidateRunmodes(TestBase.java:55)
                        	at com.qtpselenium.framework.datadriven.PortFolioSuite.Test2.test2(Test2.java:19)
                        	at sun.reflect.NativeMethodAccessorImpl.invoke0(Native Method)
                        	at sun.reflect.NativeMethodAccessorImpl.invoke(NativeMethodAccessorImpl.java:57)
                        	at sun.reflect.DelegatingMethodAccessorImpl.invoke(DelegatingMethodAccessorImpl.java:43)
                        	at java.lang.reflect.Method.invoke(Method.java:601)
                        	at org.testng.internal.MethodInvocationHelper.invokeMethod(MethodInvocationHelper.java:80)
                        	at org.testng.internal.Invoker.invokeMethod(Invoker.java:673)
                        	at org.testng.internal.Invoker.invokeTestMethod(Invoker.java:842)
                        	at org.testng.internal.Invoker.invokeTestMethods(Invoker.java:1166)
                        	at org.testng.internal.TestMethodWorker.invokeTestMethods(TestMethodWorker.java:125)
                        	at org.testng.internal.TestMethodWorker.run(TestMethodWorker.java:109)
                        	at org.testng.TestRunner.runWorkers(TestRunner.java:1178)
                        	at org.testng.TestRunner.privateRun(TestRunner.java:757)
                        	at org.testng.TestRunner.run(TestRunner.java:608)
                        	at org.testng.SuiteRunner.runTest(SuiteRunner.java:334)
                        	at org.testng.SuiteRunner.runSequentially(SuiteRunner.java:329)
                        	at org.testng.SuiteRunner.privateRun(SuiteRunner.java:291)
                        	at org.testng.SuiteRunner.run(SuiteRunner.java:240)
                        	at org.testng.SuiteRunnerWorker.runSuite(SuiteRunnerWorker.java:52)
                        	at org.testng.SuiteRunnerWorker.run(SuiteRunnerWorker.java:86)
                        	at org.testng.TestNG.runSuitesSequentially(TestNG.java:1158)
                        	at org.testng.TestNG.runSuitesLocally(TestNG.java:1083)
                        	at org.testng.TestNG.run(TestNG.java:999)
                        	at org.apache.maven.surefire.testng.TestNGExecutor.run(TestNGExecutor.java:77)
                        	at org.apache.maven.surefire.testng.TestNGDirectoryTestSuite.executeMulti(TestNGDirectoryTestSuite.java:159)
                        	at org.apache.maven.surefire.testng.TestNGDirectoryTestSuite.execute(TestNGDirectoryTestSuite.java:99)
                        	at org.apache.maven.surefire.testng.TestNGProvider.invoke(TestNGProvider.java:106)
                        	at sun.reflect.NativeMethodAccessorImpl.invoke0(Native Method)
                        	at sun.reflect.NativeMethodAccessorImpl.invoke(NativeMethodAccessorImpl.java:57)
                        	at sun.reflect.DelegatingMethodAccessorImpl.invoke(DelegatingMethodAccessorImpl.java:43)
                        	at java.lang.reflect.Method.invoke(Method.java:601)
                        	at org.apache.maven.surefire.util.ReflectionUtils.invokeMethodWithArray(ReflectionUtils.java:189)
                        	at org.apache.maven.surefire.booter.ProviderFactory$ProviderProxy.invoke(ProviderFactory.java:165)
                        	at org.apache.maven.surefire.booter.ProviderFactory.invokeProvider(ProviderFactory.java:85)
                        	at org.apache.maven.surefire.booter.ForkedBooter.runSuitesInProcess(ForkedBooter.java:115)
                        	at org.apache.maven.surefire.booter.ForkedBooter.main(ForkedBooter.java:75)
                     </pre>
                  </div>
               </td>
            </tr>
         </table>
      </div>
      <div id="testMethodsByClass" style="display: none;">
         <table class="testMethodsTable" cellpadding="0" cellspacing="0">
            <tr>
               <td colspan="4">
                  <h3 style="display: inline;">com.qtpselenium.framework.datadriven.PortFolioSuite.LoginTest</h3>
               </td>
            </tr>
            <tr class="methodsTableHeader">
               <td width="100%">Name</td>
               <td nowrap="true">Started</td>
               <td nowrap="true">Duration</td>
               <td>Exception</td>
            </tr>
            <tr id="com.qtpselenium.framework.datadriven.PortFolioSuite.LoginTest_LoginTest_byClass_PASS1_row"
                class="testMethodStatusPASS">
               <td width="100%" class="firstMethodCell">
                  <a onclick="toggleDetailsVisibility('com.qtpselenium.framework.datadriven.PortFolioSuite.LoginTest_LoginTest_byClass_PASS1_details')">LoginTest({Col3=C33, Col2=C22, Col1=C11, Runmode=Y, Result=})</a>
               </td>
               <td nowrap="true">12:20:16</td>
               <td nowrap="true" align="right">80 ms
                  
               </td>
               <td nowrap="true">
                   
                  
               </td>
            </tr>
            <tr>
               <td colspan="4" class="detailsBox">
                  <div id="com.qtpselenium.framework.datadriven.PortFolioSuite.LoginTest_LoginTest_byClass_PASS1_details"
                       class="testMethodDetails">
                     <div>
                        <b>Name: </b>LoginTest
                     </div>
                     <div>
                        <b>Signature: </b>LoginTest(java.util.Hashtable)
                     </div>
                     <div>
                        <b>Parameters: </b>
                        
                        {Col3=C33, Col2=C22, Col1=C11, Runmode=Y, Result=}
                        
                        
                     </div>
                     <div>
                        <b>Start time: </b>12:20:16
                     </div>
                     <div>
                        <b>End time: </b>12:20:16
                     </div>
                     <div>
                        <b>Duration: </b>80 ms
                        
                     </div>
                  </div>
               </td>
            </tr>
            <tr></tr>
            <tr id="com.qtpselenium.framework.datadriven.PortFolioSuite.LoginTest_LoginTest_byClass_SKIP2_row"
                class="testMethodStatusSKIP">
               <td width="100%" class="firstMethodCell">
                  <a onclick="toggleDetailsVisibility('com.qtpselenium.framework.datadriven.PortFolioSuite.LoginTest_LoginTest_byClass_SKIP2_details')">LoginTest({Col3=C34, Col2=C23, Col1=C21, Runmode=N, Result=})</a>
               </td>
               <td nowrap="true">12:20:16</td>
               <td nowrap="true" align="right">64 ms
                  
               </td>
               <td nowrap="true">
                  <a onclick="toggleDetailsVisibility('com.qtpselenium.framework.datadriven.PortFolioSuite.LoginTest_LoginTest_byClass_SKIP2_exception')">org.testng.SkipException: 
                     Skipping the test LoginTest inside the test suite PortFolioSuite
                     
                  </a>
                   
                  
               </td>
            </tr>
            <tr>
               <td colspan="4" class="detailsBox">
                  <div id="com.qtpselenium.framework.datadriven.PortFolioSuite.LoginTest_LoginTest_byClass_SKIP2_details"
                       class="testMethodDetails">
                     <div>
                        <b>Name: </b>LoginTest
                     </div>
                     <div>
                        <b>Signature: </b>LoginTest(java.util.Hashtable)
                     </div>
                     <div>
                        <b>Parameters: </b>
                        
                        {Col3=C34, Col2=C23, Col1=C21, Runmode=N, Result=}
                        
                        
                     </div>
                     <div>
                        <b>Start time: </b>12:20:16
                     </div>
                     <div>
                        <b>End time: </b>12:20:16
                     </div>
                     <div>
                        <b>Duration: </b>64 ms
                        
                     </div>
                  </div>
               </td>
            </tr>
            <tr>
               <td colspan="4" class="detailsBox">
                  <div id="com.qtpselenium.framework.datadriven.PortFolioSuite.LoginTest_LoginTest_byClass_SKIP2_exception"
                       class="testMethodDetails">
                     <pre style="padding: 5px; margin: 0;">org.testng.SkipException: Skipping the test LoginTest inside the test suite PortFolioSuite
                        	at com.qtpselenium.framwork.datadriven.TestBase.ValidateRunmodes(TestBase.java:55)
                        	at com.qtpselenium.framework.datadriven.PortFolioSuite.LoginTest.LoginTest(LoginTest.java:20)
                        	at sun.reflect.NativeMethodAccessorImpl.invoke0(Native Method)
                        	at sun.reflect.NativeMethodAccessorImpl.invoke(NativeMethodAccessorImpl.java:57)
                        	at sun.reflect.DelegatingMethodAccessorImpl.invoke(DelegatingMethodAccessorImpl.java:43)
                        	at java.lang.reflect.Method.invoke(Method.java:601)
                        	at org.testng.internal.MethodInvocationHelper.invokeMethod(MethodInvocationHelper.java:80)
                        	at org.testng.internal.Invoker.invokeMethod(Invoker.java:673)
                        	at org.testng.internal.Invoker.invokeTestMethod(Invoker.java:842)
                        	at org.testng.internal.Invoker.invokeTestMethods(Invoker.java:1166)
                        	at org.testng.internal.TestMethodWorker.invokeTestMethods(TestMethodWorker.java:125)
                        	at org.testng.internal.TestMethodWorker.run(TestMethodWorker.java:109)
                        	at org.testng.TestRunner.runWorkers(TestRunner.java:1178)
                        	at org.testng.TestRunner.privateRun(TestRunner.java:757)
                        	at org.testng.TestRunner.run(TestRunner.java:608)
                        	at org.testng.SuiteRunner.runTest(SuiteRunner.java:334)
                        	at org.testng.SuiteRunner.runSequentially(SuiteRunner.java:329)
                        	at org.testng.SuiteRunner.privateRun(SuiteRunner.java:291)
                        	at org.testng.SuiteRunner.run(SuiteRunner.java:240)
                        	at org.testng.SuiteRunnerWorker.runSuite(SuiteRunnerWorker.java:52)
                        	at org.testng.SuiteRunnerWorker.run(SuiteRunnerWorker.java:86)
                        	at org.testng.TestNG.runSuitesSequentially(TestNG.java:1158)
                        	at org.testng.TestNG.runSuitesLocally(TestNG.java:1083)
                        	at org.testng.TestNG.run(TestNG.java:999)
                        	at org.apache.maven.surefire.testng.TestNGExecutor.run(TestNGExecutor.java:77)
                        	at org.apache.maven.surefire.testng.TestNGDirectoryTestSuite.executeMulti(TestNGDirectoryTestSuite.java:159)
                        	at org.apache.maven.surefire.testng.TestNGDirectoryTestSuite.execute(TestNGDirectoryTestSuite.java:99)
                        	at org.apache.maven.surefire.testng.TestNGProvider.invoke(TestNGProvider.java:106)
                        	at sun.reflect.NativeMethodAccessorImpl.invoke0(Native Method)
                        	at sun.reflect.NativeMethodAccessorImpl.invoke(NativeMethodAccessorImpl.java:57)
                        	at sun.reflect.DelegatingMethodAccessorImpl.invoke(DelegatingMethodAccessorImpl.java:43)
                        	at java.lang.reflect.Method.invoke(Method.java:601)
                        	at org.apache.maven.surefire.util.ReflectionUtils.invokeMethodWithArray(ReflectionUtils.java:189)
                        	at org.apache.maven.surefire.booter.ProviderFactory$ProviderProxy.invoke(ProviderFactory.java:165)
                        	at org.apache.maven.surefire.booter.ProviderFactory.invokeProvider(ProviderFactory.java:85)
                        	at org.apache.maven.surefire.booter.ForkedBooter.runSuitesInProcess(ForkedBooter.java:115)
                        	at org.apache.maven.surefire.booter.ForkedBooter.main(ForkedBooter.java:75)
                     </pre>
                  </div>
               </td>
            </tr>
            <tr id="com.qtpselenium.framework.datadriven.PortFolioSuite.LoginTest_LoginTest_byClass_PASS3_row"
                class="testMethodStatusPASS">
               <td width="100%" class="firstMethodCell">
                  <a onclick="toggleDetailsVisibility('com.qtpselenium.framework.datadriven.PortFolioSuite.LoginTest_LoginTest_byClass_PASS3_details')">LoginTest({Col3=C35, Col2=C24, Col1=C31, Runmode=Y, Result=})</a>
               </td>
               <td nowrap="true">12:20:16</td>
               <td nowrap="true" align="right">59 ms
                  
               </td>
               <td nowrap="true">
                   
                  
               </td>
            </tr>
            <tr>
               <td colspan="4" class="detailsBox">
                  <div id="com.qtpselenium.framework.datadriven.PortFolioSuite.LoginTest_LoginTest_byClass_PASS3_details"
                       class="testMethodDetails">
                     <div>
                        <b>Name: </b>LoginTest
                     </div>
                     <div>
                        <b>Signature: </b>LoginTest(java.util.Hashtable)
                     </div>
                     <div>
                        <b>Parameters: </b>
                        
                        {Col3=C35, Col2=C24, Col1=C31, Runmode=Y, Result=}
                        
                        
                     </div>
                     <div>
                        <b>Start time: </b>12:20:16
                     </div>
                     <div>
                        <b>End time: </b>12:20:16
                     </div>
                     <div>
                        <b>Duration: </b>59 ms
                        
                     </div>
                  </div>
               </td>
            </tr>
            <tr></tr>
         </table>
         <br></br>
         <table class="testMethodsTable" cellpadding="0" cellspacing="0">
            <tr>
               <td colspan="4">
                  <h3 style="display: inline;">com.qtpselenium.framework.datadriven.PortFolioSuite.Test2</h3>
               </td>
            </tr>
            <tr class="methodsTableHeader">
               <td width="100%">Name</td>
               <td nowrap="true">Started</td>
               <td nowrap="true">Duration</td>
               <td>Exception</td>
            </tr>
            <tr id="com.qtpselenium.framework.datadriven.PortFolioSuite.Test2_test2_byClass_SKIP1_row"
                class="testMethodStatusSKIP">
               <td width="100%" class="firstMethodCell">
                  <a onclick="toggleDetailsVisibility('com.qtpselenium.framework.datadriven.PortFolioSuite.Test2_test2_byClass_SKIP1_details')">test2({Col4=C43, Col3=C33, Col2=C22, Col1=C11, Runmode=Y, Result=})</a>
               </td>
               <td nowrap="true">12:20:16</td>
               <td nowrap="true" align="right">52 ms
                  
               </td>
               <td nowrap="true">
                  <a onclick="toggleDetailsVisibility('com.qtpselenium.framework.datadriven.PortFolioSuite.Test2_test2_byClass_SKIP1_exception')">org.testng.SkipException: 
                     Skipping the test Test2 inside the test suite PortFolioSuite
                     
                  </a>
                   
                  
               </td>
            </tr>
            <tr>
               <td colspan="4" class="detailsBox">
                  <div id="com.qtpselenium.framework.datadriven.PortFolioSuite.Test2_test2_byClass_SKIP1_details"
                       class="testMethodDetails">
                     <div>
                        <b>Name: </b>test2
                     </div>
                     <div>
                        <b>Signature: </b>test2(java.util.Hashtable)
                     </div>
                     <div>
                        <b>Parameters: </b>
                        
                        {Col4=C43, Col3=C33, Col2=C22, Col1=C11, Runmode=Y, Result=}
                        
                        
                     </div>
                     <div>
                        <b>Start time: </b>12:20:16
                     </div>
                     <div>
                        <b>End time: </b>12:20:16
                     </div>
                     <div>
                        <b>Duration: </b>52 ms
                        
                     </div>
                  </div>
               </td>
            </tr>
            <tr>
               <td colspan="4" class="detailsBox">
                  <div id="com.qtpselenium.framework.datadriven.PortFolioSuite.Test2_test2_byClass_SKIP1_exception"
                       class="testMethodDetails">
                     <pre style="padding: 5px; margin: 0;">org.testng.SkipException: Skipping the test Test2 inside the test suite PortFolioSuite
                        	at com.qtpselenium.framwork.datadriven.TestBase.ValidateRunmodes(TestBase.java:55)
                        	at com.qtpselenium.framework.datadriven.PortFolioSuite.Test2.test2(Test2.java:19)
                        	at sun.reflect.NativeMethodAccessorImpl.invoke0(Native Method)
                        	at sun.reflect.NativeMethodAccessorImpl.invoke(NativeMethodAccessorImpl.java:57)
                        	at sun.reflect.DelegatingMethodAccessorImpl.invoke(DelegatingMethodAccessorImpl.java:43)
                        	at java.lang.reflect.Method.invoke(Method.java:601)
                        	at org.testng.internal.MethodInvocationHelper.invokeMethod(MethodInvocationHelper.java:80)
                        	at org.testng.internal.Invoker.invokeMethod(Invoker.java:673)
                        	at org.testng.internal.Invoker.invokeTestMethod(Invoker.java:842)
                        	at org.testng.internal.Invoker.invokeTestMethods(Invoker.java:1166)
                        	at org.testng.internal.TestMethodWorker.invokeTestMethods(TestMethodWorker.java:125)
                        	at org.testng.internal.TestMethodWorker.run(TestMethodWorker.java:109)
                        	at org.testng.TestRunner.runWorkers(TestRunner.java:1178)
                        	at org.testng.TestRunner.privateRun(TestRunner.java:757)
                        	at org.testng.TestRunner.run(TestRunner.java:608)
                        	at org.testng.SuiteRunner.runTest(SuiteRunner.java:334)
                        	at org.testng.SuiteRunner.runSequentially(SuiteRunner.java:329)
                        	at org.testng.SuiteRunner.privateRun(SuiteRunner.java:291)
                        	at org.testng.SuiteRunner.run(SuiteRunner.java:240)
                        	at org.testng.SuiteRunnerWorker.runSuite(SuiteRunnerWorker.java:52)
                        	at org.testng.SuiteRunnerWorker.run(SuiteRunnerWorker.java:86)
                        	at org.testng.TestNG.runSuitesSequentially(TestNG.java:1158)
                        	at org.testng.TestNG.runSuitesLocally(TestNG.java:1083)
                        	at org.testng.TestNG.run(TestNG.java:999)
                        	at org.apache.maven.surefire.testng.TestNGExecutor.run(TestNGExecutor.java:77)
                        	at org.apache.maven.surefire.testng.TestNGDirectoryTestSuite.executeMulti(TestNGDirectoryTestSuite.java:159)
                        	at org.apache.maven.surefire.testng.TestNGDirectoryTestSuite.execute(TestNGDirectoryTestSuite.java:99)
                        	at org.apache.maven.surefire.testng.TestNGProvider.invoke(TestNGProvider.java:106)
                        	at sun.reflect.NativeMethodAccessorImpl.invoke0(Native Method)
                        	at sun.reflect.NativeMethodAccessorImpl.invoke(NativeMethodAccessorImpl.java:57)
                        	at sun.reflect.DelegatingMethodAccessorImpl.invoke(DelegatingMethodAccessorImpl.java:43)
                        	at java.lang.reflect.Method.invoke(Method.java:601)
                        	at org.apache.maven.surefire.util.ReflectionUtils.invokeMethodWithArray(ReflectionUtils.java:189)
                        	at org.apache.maven.surefire.booter.ProviderFactory$ProviderProxy.invoke(ProviderFactory.java:165)
                        	at org.apache.maven.surefire.booter.ProviderFactory.invokeProvider(ProviderFactory.java:85)
                        	at org.apache.maven.surefire.booter.ForkedBooter.runSuitesInProcess(ForkedBooter.java:115)
                        	at org.apache.maven.surefire.booter.ForkedBooter.main(ForkedBooter.java:75)
                     </pre>
                  </div>
               </td>
            </tr>
            <tr id="com.qtpselenium.framework.datadriven.PortFolioSuite.Test2_test2_byClass_SKIP2_row"
                class="testMethodStatusSKIP">
               <td width="100%" class="firstMethodCell">
                  <a onclick="toggleDetailsVisibility('com.qtpselenium.framework.datadriven.PortFolioSuite.Test2_test2_byClass_SKIP2_details')">test2({Col4=C45, Col3=C34, Col2=C23, Col1=C21, Runmode=N, Result=})</a>
               </td>
               <td nowrap="true">12:20:16</td>
               <td nowrap="true" align="right">48 ms
                  
               </td>
               <td nowrap="true">
                  <a onclick="toggleDetailsVisibility('com.qtpselenium.framework.datadriven.PortFolioSuite.Test2_test2_byClass_SKIP2_exception')">org.testng.SkipException: 
                     Skipping the test Test2 inside the test suite PortFolioSuite
                     
                  </a>
                   
                  
               </td>
            </tr>
            <tr>
               <td colspan="4" class="detailsBox">
                  <div id="com.qtpselenium.framework.datadriven.PortFolioSuite.Test2_test2_byClass_SKIP2_details"
                       class="testMethodDetails">
                     <div>
                        <b>Name: </b>test2
                     </div>
                     <div>
                        <b>Signature: </b>test2(java.util.Hashtable)
                     </div>
                     <div>
                        <b>Parameters: </b>
                        
                        {Col4=C45, Col3=C34, Col2=C23, Col1=C21, Runmode=N, Result=}
                        
                        
                     </div>
                     <div>
                        <b>Start time: </b>12:20:16
                     </div>
                     <div>
                        <b>End time: </b>12:20:16
                     </div>
                     <div>
                        <b>Duration: </b>48 ms
                        
                     </div>
                  </div>
               </td>
            </tr>
            <tr>
               <td colspan="4" class="detailsBox">
                  <div id="com.qtpselenium.framework.datadriven.PortFolioSuite.Test2_test2_byClass_SKIP2_exception"
                       class="testMethodDetails">
                     <pre style="padding: 5px; margin: 0;">org.testng.SkipException: Skipping the test Test2 inside the test suite PortFolioSuite
                        	at com.qtpselenium.framwork.datadriven.TestBase.ValidateRunmodes(TestBase.java:55)
                        	at com.qtpselenium.framework.datadriven.PortFolioSuite.Test2.test2(Test2.java:19)
                        	at sun.reflect.NativeMethodAccessorImpl.invoke0(Native Method)
                        	at sun.reflect.NativeMethodAccessorImpl.invoke(NativeMethodAccessorImpl.java:57)
                        	at sun.reflect.DelegatingMethodAccessorImpl.invoke(DelegatingMethodAccessorImpl.java:43)
                        	at java.lang.reflect.Method.invoke(Method.java:601)
                        	at org.testng.internal.MethodInvocationHelper.invokeMethod(MethodInvocationHelper.java:80)
                        	at org.testng.internal.Invoker.invokeMethod(Invoker.java:673)
                        	at org.testng.internal.Invoker.invokeTestMethod(Invoker.java:842)
                        	at org.testng.internal.Invoker.invokeTestMethods(Invoker.java:1166)
                        	at org.testng.internal.TestMethodWorker.invokeTestMethods(TestMethodWorker.java:125)
                        	at org.testng.internal.TestMethodWorker.run(TestMethodWorker.java:109)
                        	at org.testng.TestRunner.runWorkers(TestRunner.java:1178)
                        	at org.testng.TestRunner.privateRun(TestRunner.java:757)
                        	at org.testng.TestRunner.run(TestRunner.java:608)
                        	at org.testng.SuiteRunner.runTest(SuiteRunner.java:334)
                        	at org.testng.SuiteRunner.runSequentially(SuiteRunner.java:329)
                        	at org.testng.SuiteRunner.privateRun(SuiteRunner.java:291)
                        	at org.testng.SuiteRunner.run(SuiteRunner.java:240)
                        	at org.testng.SuiteRunnerWorker.runSuite(SuiteRunnerWorker.java:52)
                        	at org.testng.SuiteRunnerWorker.run(SuiteRunnerWorker.java:86)
                        	at org.testng.TestNG.runSuitesSequentially(TestNG.java:1158)
                        	at org.testng.TestNG.runSuitesLocally(TestNG.java:1083)
                        	at org.testng.TestNG.run(TestNG.java:999)
                        	at org.apache.maven.surefire.testng.TestNGExecutor.run(TestNGExecutor.java:77)
                        	at org.apache.maven.surefire.testng.TestNGDirectoryTestSuite.executeMulti(TestNGDirectoryTestSuite.java:159)
                        	at org.apache.maven.surefire.testng.TestNGDirectoryTestSuite.execute(TestNGDirectoryTestSuite.java:99)
                        	at org.apache.maven.surefire.testng.TestNGProvider.invoke(TestNGProvider.java:106)
                        	at sun.reflect.NativeMethodAccessorImpl.invoke0(Native Method)
                        	at sun.reflect.NativeMethodAccessorImpl.invoke(NativeMethodAccessorImpl.java:57)
                        	at sun.reflect.DelegatingMethodAccessorImpl.invoke(DelegatingMethodAccessorImpl.java:43)
                        	at java.lang.reflect.Method.invoke(Method.java:601)
                        	at org.apache.maven.surefire.util.ReflectionUtils.invokeMethodWithArray(ReflectionUtils.java:189)
                        	at org.apache.maven.surefire.booter.ProviderFactory$ProviderProxy.invoke(ProviderFactory.java:165)
                        	at org.apache.maven.surefire.booter.ProviderFactory.invokeProvider(ProviderFactory.java:85)
                        	at org.apache.maven.surefire.booter.ForkedBooter.runSuitesInProcess(ForkedBooter.java:115)
                        	at org.apache.maven.surefire.booter.ForkedBooter.main(ForkedBooter.java:75)
                     </pre>
                  </div>
               </td>
            </tr>
            <tr id="com.qtpselenium.framework.datadriven.PortFolioSuite.Test2_test2_byClass_SKIP3_row"
                class="testMethodStatusSKIP">
               <td width="100%" class="firstMethodCell">
                  <a onclick="toggleDetailsVisibility('com.qtpselenium.framework.datadriven.PortFolioSuite.Test2_test2_byClass_SKIP3_details')">test2({Col4=C46, Col3=C35, Col2=C24, Col1=C31, Runmode=Y, Result=})</a>
               </td>
               <td nowrap="true">12:20:16</td>
               <td nowrap="true" align="right">38 ms
                  
               </td>
               <td nowrap="true">
                  <a onclick="toggleDetailsVisibility('com.qtpselenium.framework.datadriven.PortFolioSuite.Test2_test2_byClass_SKIP3_exception')">org.testng.SkipException: 
                     Skipping the test Test2 inside the test suite PortFolioSuite
                     
                  </a>
                   
                  
               </td>
            </tr>
            <tr>
               <td colspan="4" class="detailsBox">
                  <div id="com.qtpselenium.framework.datadriven.PortFolioSuite.Test2_test2_byClass_SKIP3_details"
                       class="testMethodDetails">
                     <div>
                        <b>Name: </b>test2
                     </div>
                     <div>
                        <b>Signature: </b>test2(java.util.Hashtable)
                     </div>
                     <div>
                        <b>Parameters: </b>
                        
                        {Col4=C46, Col3=C35, Col2=C24, Col1=C31, Runmode=Y, Result=}
                        
                        
                     </div>
                     <div>
                        <b>Start time: </b>12:20:16
                     </div>
                     <div>
                        <b>End time: </b>12:20:16
                     </div>
                     <div>
                        <b>Duration: </b>38 ms
                        
                     </div>
                  </div>
               </td>
            </tr>
            <tr>
               <td colspan="4" class="detailsBox">
                  <div id="com.qtpselenium.framework.datadriven.PortFolioSuite.Test2_test2_byClass_SKIP3_exception"
                       class="testMethodDetails">
                     <pre style="padding: 5px; margin: 0;">org.testng.SkipException: Skipping the test Test2 inside the test suite PortFolioSuite
                        	at com.qtpselenium.framwork.datadriven.TestBase.ValidateRunmodes(TestBase.java:55)
                        	at com.qtpselenium.framework.datadriven.PortFolioSuite.Test2.test2(Test2.java:19)
                        	at sun.reflect.NativeMethodAccessorImpl.invoke0(Native Method)
                        	at sun.reflect.NativeMethodAccessorImpl.invoke(NativeMethodAccessorImpl.java:57)
                        	at sun.reflect.DelegatingMethodAccessorImpl.invoke(DelegatingMethodAccessorImpl.java:43)
                        	at java.lang.reflect.Method.invoke(Method.java:601)
                        	at org.testng.internal.MethodInvocationHelper.invokeMethod(MethodInvocationHelper.java:80)
                        	at org.testng.internal.Invoker.invokeMethod(Invoker.java:673)
                        	at org.testng.internal.Invoker.invokeTestMethod(Invoker.java:842)
                        	at org.testng.internal.Invoker.invokeTestMethods(Invoker.java:1166)
                        	at org.testng.internal.TestMethodWorker.invokeTestMethods(TestMethodWorker.java:125)
                        	at org.testng.internal.TestMethodWorker.run(TestMethodWorker.java:109)
                        	at org.testng.TestRunner.runWorkers(TestRunner.java:1178)
                        	at org.testng.TestRunner.privateRun(TestRunner.java:757)
                        	at org.testng.TestRunner.run(TestRunner.java:608)
                        	at org.testng.SuiteRunner.runTest(SuiteRunner.java:334)
                        	at org.testng.SuiteRunner.runSequentially(SuiteRunner.java:329)
                        	at org.testng.SuiteRunner.privateRun(SuiteRunner.java:291)
                        	at org.testng.SuiteRunner.run(SuiteRunner.java:240)
                        	at org.testng.SuiteRunnerWorker.runSuite(SuiteRunnerWorker.java:52)
                        	at org.testng.SuiteRunnerWorker.run(SuiteRunnerWorker.java:86)
                        	at org.testng.TestNG.runSuitesSequentially(TestNG.java:1158)
                        	at org.testng.TestNG.runSuitesLocally(TestNG.java:1083)
                        	at org.testng.TestNG.run(TestNG.java:999)
                        	at org.apache.maven.surefire.testng.TestNGExecutor.run(TestNGExecutor.java:77)
                        	at org.apache.maven.surefire.testng.TestNGDirectoryTestSuite.executeMulti(TestNGDirectoryTestSuite.java:159)
                        	at org.apache.maven.surefire.testng.TestNGDirectoryTestSuite.execute(TestNGDirectoryTestSuite.java:99)
                        	at org.apache.maven.surefire.testng.TestNGProvider.invoke(TestNGProvider.java:106)
                        	at sun.reflect.NativeMethodAccessorImpl.invoke0(Native Method)
                        	at sun.reflect.NativeMethodAccessorImpl.invoke(NativeMethodAccessorImpl.java:57)
                        	at sun.reflect.DelegatingMethodAccessorImpl.invoke(DelegatingMethodAccessorImpl.java:43)
                        	at java.lang.reflect.Method.invoke(Method.java:601)
                        	at org.apache.maven.surefire.util.ReflectionUtils.invokeMethodWithArray(ReflectionUtils.java:189)
                        	at org.apache.maven.surefire.booter.ProviderFactory$ProviderProxy.invoke(ProviderFactory.java:165)
                        	at org.apache.maven.surefire.booter.ProviderFactory.invokeProvider(ProviderFactory.java:85)
                        	at org.apache.maven.surefire.booter.ForkedBooter.runSuitesInProcess(ForkedBooter.java:115)
                        	at org.apache.maven.surefire.booter.ForkedBooter.main(ForkedBooter.java:75)
                     </pre>
                  </div>
               </td>
            </tr>
         </table>
         <br></br>
         <table class="testMethodsTable" cellpadding="0" cellspacing="0">
            <tr>
               <td colspan="4">
                  <h3 style="display: inline;">com.qtpselenium.framework.datadriven.PortFolioSuite.Test3</h3>
               </td>
            </tr>
            <tr class="methodsTableHeader">
               <td width="100%">Name</td>
               <td nowrap="true">Started</td>
               <td nowrap="true">Duration</td>
               <td>Exception</td>
            </tr>
            <tr id="com.qtpselenium.framework.datadriven.PortFolioSuite.Test3_test3_byClass_PASS1_row"
                class="testMethodStatusPASS">
               <td width="100%" class="firstMethodCell">
                  <a onclick="toggleDetailsVisibility('com.qtpselenium.framework.datadriven.PortFolioSuite.Test3_test3_byClass_PASS1_details')">test3()</a>
               </td>
               <td nowrap="true">12:20:16</td>
               <td nowrap="true" align="right">0 ms
                  
               </td>
               <td nowrap="true">
                   
                  
               </td>
            </tr>
            <tr>
               <td colspan="4" class="detailsBox">
                  <div id="com.qtpselenium.framework.datadriven.PortFolioSuite.Test3_test3_byClass_PASS1_details"
                       class="testMethodDetails">
                     <div>
                        <b>Name: </b>test3
                     </div>
                     <div>
                        <b>Signature: </b>test3()
                     </div>
                     <div>
                        <b>Start time: </b>12:20:16
                     </div>
                     <div>
                        <b>End time: </b>12:20:16
                     </div>
                     <div>
                        <b>Duration: </b>0 ms
                        
                     </div>
                  </div>
               </td>
            </tr>
            <tr></tr>
         </table>
         <br></br>
         <table class="testMethodsTable" cellpadding="0" cellspacing="0">
            <tr>
               <td colspan="4">
                  <h3 style="display: inline;">com.qtpselenium.framework.datadriven.PortFolioSuite.Test4</h3>
               </td>
            </tr>
            <tr class="methodsTableHeader">
               <td width="100%">Name</td>
               <td nowrap="true">Started</td>
               <td nowrap="true">Duration</td>
               <td>Exception</td>
            </tr>
            <tr id="com.qtpselenium.framework.datadriven.PortFolioSuite.Test4_test4_byClass_PASS1_row"
                class="testMethodStatusPASS">
               <td width="100%" class="firstMethodCell">
                  <a onclick="toggleDetailsVisibility('com.qtpselenium.framework.datadriven.PortFolioSuite.Test4_test4_byClass_PASS1_details')">test4()</a>
               </td>
               <td nowrap="true">12:20:16</td>
               <td nowrap="true" align="right">0 ms
                  
               </td>
               <td nowrap="true">
                   
                  
               </td>
            </tr>
            <tr>
               <td colspan="4" class="detailsBox">
                  <div id="com.qtpselenium.framework.datadriven.PortFolioSuite.Test4_test4_byClass_PASS1_details"
                       class="testMethodDetails">
                     <div>
                        <b>Name: </b>test4
                     </div>
                     <div>
                        <b>Signature: </b>test4()
                     </div>
                     <div>
                        <b>Start time: </b>12:20:16
                     </div>
                     <div>
                        <b>End time: </b>12:20:16
                     </div>
                     <div>
                        <b>Duration: </b>0 ms
                        
                     </div>
                  </div>
               </td>
            </tr>
            <tr></tr>
         </table>
         <br></br>
         <table class="testMethodsTable" cellpadding="0" cellspacing="0">
            <tr>
               <td colspan="4">
                  <h3 style="display: inline;">com.qtpselenium.framework.datadriven.PortFolioSuite.Test5</h3>
               </td>
            </tr>
            <tr class="methodsTableHeader">
               <td width="100%">Name</td>
               <td nowrap="true">Started</td>
               <td nowrap="true">Duration</td>
               <td>Exception</td>
            </tr>
            <tr id="com.qtpselenium.framework.datadriven.PortFolioSuite.Test5_test5_byClass_PASS1_row"
                class="testMethodStatusPASS">
               <td width="100%" class="firstMethodCell">
                  <a onclick="toggleDetailsVisibility('com.qtpselenium.framework.datadriven.PortFolioSuite.Test5_test5_byClass_PASS1_details')">test5()</a>
               </td>
               <td nowrap="true">12:20:16</td>
               <td nowrap="true" align="right">0 ms
                  
               </td>
               <td nowrap="true">
                   
                  
               </td>
            </tr>
            <tr>
               <td colspan="4" class="detailsBox">
                  <div id="com.qtpselenium.framework.datadriven.PortFolioSuite.Test5_test5_byClass_PASS1_details"
                       class="testMethodDetails">
                     <div>
                        <b>Name: </b>test5
                     </div>
                     <div>
                        <b>Signature: </b>test5()
                     </div>
                     <div>
                        <b>Start time: </b>12:20:16
                     </div>
                     <div>
                        <b>End time: </b>12:20:16
                     </div>
                     <div>
                        <b>Duration: </b>0 ms
                        
                     </div>
                  </div>
               </td>
            </tr>
            <tr></tr>
         </table>
         <br></br>
         <table class="testMethodsTable" cellpadding="0" cellspacing="0">
            <tr>
               <td colspan="4">
                  <h3 style="display: inline;">com.qtpselenium.framework.datadriven.suiteB.Test1</h3>
               </td>
            </tr>
            <tr class="methodsTableHeader">
               <td width="100%">Name</td>
               <td nowrap="true">Started</td>
               <td nowrap="true">Duration</td>
               <td>Exception</td>
            </tr>
            <tr id="com.qtpselenium.framework.datadriven.suiteB.Test1_test1_byClass_PASS1_row"
                class="testMethodStatusPASS">
               <td width="100%" class="firstMethodCell">
                  <a onclick="toggleDetailsVisibility('com.qtpselenium.framework.datadriven.suiteB.Test1_test1_byClass_PASS1_details')">test1({Col3=C33, Col2=C22, Col1=C11, Runmode=Y, Result=})</a>
               </td>
               <td nowrap="true">12:20:16</td>
               <td nowrap="true" align="right">55 ms
                  
               </td>
               <td nowrap="true">
                   
                  
               </td>
            </tr>
            <tr>
               <td colspan="4" class="detailsBox">
                  <div id="com.qtpselenium.framework.datadriven.suiteB.Test1_test1_byClass_PASS1_details"
                       class="testMethodDetails">
                     <div>
                        <b>Name: </b>test1
                     </div>
                     <div>
                        <b>Signature: </b>test1(java.util.Hashtable)
                     </div>
                     <div>
                        <b>Parameters: </b>
                        
                        {Col3=C33, Col2=C22, Col1=C11, Runmode=Y, Result=}
                        
                        
                     </div>
                     <div>
                        <b>Start time: </b>12:20:16
                     </div>
                     <div>
                        <b>End time: </b>12:20:16
                     </div>
                     <div>
                        <b>Duration: </b>55 ms
                        
                     </div>
                  </div>
               </td>
            </tr>
            <tr></tr>
            <tr id="com.qtpselenium.framework.datadriven.suiteB.Test1_test1_byClass_SKIP2_row"
                class="testMethodStatusSKIP">
               <td width="100%" class="firstMethodCell">
                  <a onclick="toggleDetailsVisibility('com.qtpselenium.framework.datadriven.suiteB.Test1_test1_byClass_SKIP2_details')">test1({Col3=C34, Col2=C23, Col1=C21, Runmode=N, Result=})</a>
               </td>
               <td nowrap="true">12:20:16</td>
               <td nowrap="true" align="right">42 ms
                  
               </td>
               <td nowrap="true">
                  <a onclick="toggleDetailsVisibility('com.qtpselenium.framework.datadriven.suiteB.Test1_test1_byClass_SKIP2_exception')">org.testng.SkipException: 
                     Skipping the test Test1 inside the test suite SuiteB
                     
                  </a>
                   
                  
               </td>
            </tr>
            <tr>
               <td colspan="4" class="detailsBox">
                  <div id="com.qtpselenium.framework.datadriven.suiteB.Test1_test1_byClass_SKIP2_details"
                       class="testMethodDetails">
                     <div>
                        <b>Name: </b>test1
                     </div>
                     <div>
                        <b>Signature: </b>test1(java.util.Hashtable)
                     </div>
                     <div>
                        <b>Parameters: </b>
                        
                        {Col3=C34, Col2=C23, Col1=C21, Runmode=N, Result=}
                        
                        
                     </div>
                     <div>
                        <b>Start time: </b>12:20:16
                     </div>
                     <div>
                        <b>End time: </b>12:20:16
                     </div>
                     <div>
                        <b>Duration: </b>42 ms
                        
                     </div>
                  </div>
               </td>
            </tr>
            <tr>
               <td colspan="4" class="detailsBox">
                  <div id="com.qtpselenium.framework.datadriven.suiteB.Test1_test1_byClass_SKIP2_exception"
                       class="testMethodDetails">
                     <pre style="padding: 5px; margin: 0;">org.testng.SkipException: Skipping the test Test1 inside the test suite SuiteB
                        	at com.qtpselenium.framwork.datadriven.TestBase.ValidateRunmodes(TestBase.java:55)
                        	at com.qtpselenium.framework.datadriven.suiteB.Test1.test1(Test1.java:19)
                        	at sun.reflect.NativeMethodAccessorImpl.invoke0(Native Method)
                        	at sun.reflect.NativeMethodAccessorImpl.invoke(NativeMethodAccessorImpl.java:57)
                        	at sun.reflect.DelegatingMethodAccessorImpl.invoke(DelegatingMethodAccessorImpl.java:43)
                        	at java.lang.reflect.Method.invoke(Method.java:601)
                        	at org.testng.internal.MethodInvocationHelper.invokeMethod(MethodInvocationHelper.java:80)
                        	at org.testng.internal.Invoker.invokeMethod(Invoker.java:673)
                        	at org.testng.internal.Invoker.invokeTestMethod(Invoker.java:842)
                        	at org.testng.internal.Invoker.invokeTestMethods(Invoker.java:1166)
                        	at org.testng.internal.TestMethodWorker.invokeTestMethods(TestMethodWorker.java:125)
                        	at org.testng.internal.TestMethodWorker.run(TestMethodWorker.java:109)
                        	at org.testng.TestRunner.runWorkers(TestRunner.java:1178)
                        	at org.testng.TestRunner.privateRun(TestRunner.java:757)
                        	at org.testng.TestRunner.run(TestRunner.java:608)
                        	at org.testng.SuiteRunner.runTest(SuiteRunner.java:334)
                        	at org.testng.SuiteRunner.runSequentially(SuiteRunner.java:329)
                        	at org.testng.SuiteRunner.privateRun(SuiteRunner.java:291)
                        	at org.testng.SuiteRunner.run(SuiteRunner.java:240)
                        	at org.testng.SuiteRunnerWorker.runSuite(SuiteRunnerWorker.java:52)
                        	at org.testng.SuiteRunnerWorker.run(SuiteRunnerWorker.java:86)
                        	at org.testng.TestNG.runSuitesSequentially(TestNG.java:1158)
                        	at org.testng.TestNG.runSuitesLocally(TestNG.java:1083)
                        	at org.testng.TestNG.run(TestNG.java:999)
                        	at org.apache.maven.surefire.testng.TestNGExecutor.run(TestNGExecutor.java:77)
                        	at org.apache.maven.surefire.testng.TestNGDirectoryTestSuite.executeMulti(TestNGDirectoryTestSuite.java:159)
                        	at org.apache.maven.surefire.testng.TestNGDirectoryTestSuite.execute(TestNGDirectoryTestSuite.java:99)
                        	at org.apache.maven.surefire.testng.TestNGProvider.invoke(TestNGProvider.java:106)
                        	at sun.reflect.NativeMethodAccessorImpl.invoke0(Native Method)
                        	at sun.reflect.NativeMethodAccessorImpl.invoke(NativeMethodAccessorImpl.java:57)
                        	at sun.reflect.DelegatingMethodAccessorImpl.invoke(DelegatingMethodAccessorImpl.java:43)
                        	at java.lang.reflect.Method.invoke(Method.java:601)
                        	at org.apache.maven.surefire.util.ReflectionUtils.invokeMethodWithArray(ReflectionUtils.java:189)
                        	at org.apache.maven.surefire.booter.ProviderFactory$ProviderProxy.invoke(ProviderFactory.java:165)
                        	at org.apache.maven.surefire.booter.ProviderFactory.invokeProvider(ProviderFactory.java:85)
                        	at org.apache.maven.surefire.booter.ForkedBooter.runSuitesInProcess(ForkedBooter.java:115)
                        	at org.apache.maven.surefire.booter.ForkedBooter.main(ForkedBooter.java:75)
                     </pre>
                  </div>
               </td>
            </tr>
            <tr id="com.qtpselenium.framework.datadriven.suiteB.Test1_test1_byClass_PASS3_row"
                class="testMethodStatusPASS">
               <td width="100%" class="firstMethodCell">
                  <a onclick="toggleDetailsVisibility('com.qtpselenium.framework.datadriven.suiteB.Test1_test1_byClass_PASS3_details')">test1({Col3=C35, Col2=C24, Col1=C31, Runmode=Y, Result=})</a>
               </td>
               <td nowrap="true">12:20:16</td>
               <td nowrap="true" align="right">37 ms
                  
               </td>
               <td nowrap="true">
                   
                  
               </td>
            </tr>
            <tr>
               <td colspan="4" class="detailsBox">
                  <div id="com.qtpselenium.framework.datadriven.suiteB.Test1_test1_byClass_PASS3_details"
                       class="testMethodDetails">
                     <div>
                        <b>Name: </b>test1
                     </div>
                     <div>
                        <b>Signature: </b>test1(java.util.Hashtable)
                     </div>
                     <div>
                        <b>Parameters: </b>
                        
                        {Col3=C35, Col2=C24, Col1=C31, Runmode=Y, Result=}
                        
                        
                     </div>
                     <div>
                        <b>Start time: </b>12:20:16
                     </div>
                     <div>
                        <b>End time: </b>12:20:17
                     </div>
                     <div>
                        <b>Duration: </b>37 ms
                        
                     </div>
                  </div>
               </td>
            </tr>
            <tr></tr>
         </table>
         <br></br>
         <table class="testMethodsTable" cellpadding="0" cellspacing="0">
            <tr>
               <td colspan="4">
                  <h3 style="display: inline;">com.qtpselenium.framework.datadriven.suiteB.Test2</h3>
               </td>
            </tr>
            <tr class="methodsTableHeader">
               <td width="100%">Name</td>
               <td nowrap="true">Started</td>
               <td nowrap="true">Duration</td>
               <td>Exception</td>
            </tr>
            <tr id="com.qtpselenium.framework.datadriven.suiteB.Test2_test2_byClass_SKIP1_row"
                class="testMethodStatusSKIP">
               <td width="100%" class="firstMethodCell">
                  <a onclick="toggleDetailsVisibility('com.qtpselenium.framework.datadriven.suiteB.Test2_test2_byClass_SKIP1_details')">test2({Col4=C43, Col3=C33, Col2=C22, Col1=C11, Runmode=Y, Result=})</a>
               </td>
               <td nowrap="true">12:20:17</td>
               <td nowrap="true" align="right">37 ms
                  
               </td>
               <td nowrap="true">
                  <a onclick="toggleDetailsVisibility('com.qtpselenium.framework.datadriven.suiteB.Test2_test2_byClass_SKIP1_exception')">org.testng.SkipException: 
                     Skipping the test Test2 inside the test suite SuiteB
                     
                  </a>
                   
                  
               </td>
            </tr>
            <tr>
               <td colspan="4" class="detailsBox">
                  <div id="com.qtpselenium.framework.datadriven.suiteB.Test2_test2_byClass_SKIP1_details"
                       class="testMethodDetails">
                     <div>
                        <b>Name: </b>test2
                     </div>
                     <div>
                        <b>Signature: </b>test2(java.util.Hashtable)
                     </div>
                     <div>
                        <b>Parameters: </b>
                        
                        {Col4=C43, Col3=C33, Col2=C22, Col1=C11, Runmode=Y, Result=}
                        
                        
                     </div>
                     <div>
                        <b>Start time: </b>12:20:17
                     </div>
                     <div>
                        <b>End time: </b>12:20:17
                     </div>
                     <div>
                        <b>Duration: </b>37 ms
                        
                     </div>
                  </div>
               </td>
            </tr>
            <tr>
               <td colspan="4" class="detailsBox">
                  <div id="com.qtpselenium.framework.datadriven.suiteB.Test2_test2_byClass_SKIP1_exception"
                       class="testMethodDetails">
                     <pre style="padding: 5px; margin: 0;">org.testng.SkipException: Skipping the test Test2 inside the test suite SuiteB
                        	at com.qtpselenium.framwork.datadriven.TestBase.ValidateRunmodes(TestBase.java:55)
                        	at com.qtpselenium.framework.datadriven.suiteB.Test2.test2(Test2.java:19)
                        	at sun.reflect.NativeMethodAccessorImpl.invoke0(Native Method)
                        	at sun.reflect.NativeMethodAccessorImpl.invoke(NativeMethodAccessorImpl.java:57)
                        	at sun.reflect.DelegatingMethodAccessorImpl.invoke(DelegatingMethodAccessorImpl.java:43)
                        	at java.lang.reflect.Method.invoke(Method.java:601)
                        	at org.testng.internal.MethodInvocationHelper.invokeMethod(MethodInvocationHelper.java:80)
                        	at org.testng.internal.Invoker.invokeMethod(Invoker.java:673)
                        	at org.testng.internal.Invoker.invokeTestMethod(Invoker.java:842)
                        	at org.testng.internal.Invoker.invokeTestMethods(Invoker.java:1166)
                        	at org.testng.internal.TestMethodWorker.invokeTestMethods(TestMethodWorker.java:125)
                        	at org.testng.internal.TestMethodWorker.run(TestMethodWorker.java:109)
                        	at org.testng.TestRunner.runWorkers(TestRunner.java:1178)
                        	at org.testng.TestRunner.privateRun(TestRunner.java:757)
                        	at org.testng.TestRunner.run(TestRunner.java:608)
                        	at org.testng.SuiteRunner.runTest(SuiteRunner.java:334)
                        	at org.testng.SuiteRunner.runSequentially(SuiteRunner.java:329)
                        	at org.testng.SuiteRunner.privateRun(SuiteRunner.java:291)
                        	at org.testng.SuiteRunner.run(SuiteRunner.java:240)
                        	at org.testng.SuiteRunnerWorker.runSuite(SuiteRunnerWorker.java:52)
                        	at org.testng.SuiteRunnerWorker.run(SuiteRunnerWorker.java:86)
                        	at org.testng.TestNG.runSuitesSequentially(TestNG.java:1158)
                        	at org.testng.TestNG.runSuitesLocally(TestNG.java:1083)
                        	at org.testng.TestNG.run(TestNG.java:999)
                        	at org.apache.maven.surefire.testng.TestNGExecutor.run(TestNGExecutor.java:77)
                        	at org.apache.maven.surefire.testng.TestNGDirectoryTestSuite.executeMulti(TestNGDirectoryTestSuite.java:159)
                        	at org.apache.maven.surefire.testng.TestNGDirectoryTestSuite.execute(TestNGDirectoryTestSuite.java:99)
                        	at org.apache.maven.surefire.testng.TestNGProvider.invoke(TestNGProvider.java:106)
                        	at sun.reflect.NativeMethodAccessorImpl.invoke0(Native Method)
                        	at sun.reflect.NativeMethodAccessorImpl.invoke(NativeMethodAccessorImpl.java:57)
                        	at sun.reflect.DelegatingMethodAccessorImpl.invoke(DelegatingMethodAccessorImpl.java:43)
                        	at java.lang.reflect.Method.invoke(Method.java:601)
                        	at org.apache.maven.surefire.util.ReflectionUtils.invokeMethodWithArray(ReflectionUtils.java:189)
                        	at org.apache.maven.surefire.booter.ProviderFactory$ProviderProxy.invoke(ProviderFactory.java:165)
                        	at org.apache.maven.surefire.booter.ProviderFactory.invokeProvider(ProviderFactory.java:85)
                        	at org.apache.maven.surefire.booter.ForkedBooter.runSuitesInProcess(ForkedBooter.java:115)
                        	at org.apache.maven.surefire.booter.ForkedBooter.main(ForkedBooter.java:75)
                     </pre>
                  </div>
               </td>
            </tr>
            <tr id="com.qtpselenium.framework.datadriven.suiteB.Test2_test2_byClass_SKIP2_row"
                class="testMethodStatusSKIP">
               <td width="100%" class="firstMethodCell">
                  <a onclick="toggleDetailsVisibility('com.qtpselenium.framework.datadriven.suiteB.Test2_test2_byClass_SKIP2_details')">test2({Col4=C45, Col3=C34, Col2=C23, Col1=C21, Runmode=N, Result=})</a>
               </td>
               <td nowrap="true">12:20:17</td>
               <td nowrap="true" align="right">30 ms
                  
               </td>
               <td nowrap="true">
                  <a onclick="toggleDetailsVisibility('com.qtpselenium.framework.datadriven.suiteB.Test2_test2_byClass_SKIP2_exception')">org.testng.SkipException: 
                     Skipping the test Test2 inside the test suite SuiteB
                     
                  </a>
                   
                  
               </td>
            </tr>
            <tr>
               <td colspan="4" class="detailsBox">
                  <div id="com.qtpselenium.framework.datadriven.suiteB.Test2_test2_byClass_SKIP2_details"
                       class="testMethodDetails">
                     <div>
                        <b>Name: </b>test2
                     </div>
                     <div>
                        <b>Signature: </b>test2(java.util.Hashtable)
                     </div>
                     <div>
                        <b>Parameters: </b>
                        
                        {Col4=C45, Col3=C34, Col2=C23, Col1=C21, Runmode=N, Result=}
                        
                        
                     </div>
                     <div>
                        <b>Start time: </b>12:20:17
                     </div>
                     <div>
                        <b>End time: </b>12:20:17
                     </div>
                     <div>
                        <b>Duration: </b>30 ms
                        
                     </div>
                  </div>
               </td>
            </tr>
            <tr>
               <td colspan="4" class="detailsBox">
                  <div id="com.qtpselenium.framework.datadriven.suiteB.Test2_test2_byClass_SKIP2_exception"
                       class="testMethodDetails">
                     <pre style="padding: 5px; margin: 0;">org.testng.SkipException: Skipping the test Test2 inside the test suite SuiteB
                        	at com.qtpselenium.framwork.datadriven.TestBase.ValidateRunmodes(TestBase.java:55)
                        	at com.qtpselenium.framework.datadriven.suiteB.Test2.test2(Test2.java:19)
                        	at sun.reflect.NativeMethodAccessorImpl.invoke0(Native Method)
                        	at sun.reflect.NativeMethodAccessorImpl.invoke(NativeMethodAccessorImpl.java:57)
                        	at sun.reflect.DelegatingMethodAccessorImpl.invoke(DelegatingMethodAccessorImpl.java:43)
                        	at java.lang.reflect.Method.invoke(Method.java:601)
                        	at org.testng.internal.MethodInvocationHelper.invokeMethod(MethodInvocationHelper.java:80)
                        	at org.testng.internal.Invoker.invokeMethod(Invoker.java:673)
                        	at org.testng.internal.Invoker.invokeTestMethod(Invoker.java:842)
                        	at org.testng.internal.Invoker.invokeTestMethods(Invoker.java:1166)
                        	at org.testng.internal.TestMethodWorker.invokeTestMethods(TestMethodWorker.java:125)
                        	at org.testng.internal.TestMethodWorker.run(TestMethodWorker.java:109)
                        	at org.testng.TestRunner.runWorkers(TestRunner.java:1178)
                        	at org.testng.TestRunner.privateRun(TestRunner.java:757)
                        	at org.testng.TestRunner.run(TestRunner.java:608)
                        	at org.testng.SuiteRunner.runTest(SuiteRunner.java:334)
                        	at org.testng.SuiteRunner.runSequentially(SuiteRunner.java:329)
                        	at org.testng.SuiteRunner.privateRun(SuiteRunner.java:291)
                        	at org.testng.SuiteRunner.run(SuiteRunner.java:240)
                        	at org.testng.SuiteRunnerWorker.runSuite(SuiteRunnerWorker.java:52)
                        	at org.testng.SuiteRunnerWorker.run(SuiteRunnerWorker.java:86)
                        	at org.testng.TestNG.runSuitesSequentially(TestNG.java:1158)
                        	at org.testng.TestNG.runSuitesLocally(TestNG.java:1083)
                        	at org.testng.TestNG.run(TestNG.java:999)
                        	at org.apache.maven.surefire.testng.TestNGExecutor.run(TestNGExecutor.java:77)
                        	at org.apache.maven.surefire.testng.TestNGDirectoryTestSuite.executeMulti(TestNGDirectoryTestSuite.java:159)
                        	at org.apache.maven.surefire.testng.TestNGDirectoryTestSuite.execute(TestNGDirectoryTestSuite.java:99)
                        	at org.apache.maven.surefire.testng.TestNGProvider.invoke(TestNGProvider.java:106)
                        	at sun.reflect.NativeMethodAccessorImpl.invoke0(Native Method)
                        	at sun.reflect.NativeMethodAccessorImpl.invoke(NativeMethodAccessorImpl.java:57)
                        	at sun.reflect.DelegatingMethodAccessorImpl.invoke(DelegatingMethodAccessorImpl.java:43)
                        	at java.lang.reflect.Method.invoke(Method.java:601)
                        	at org.apache.maven.surefire.util.ReflectionUtils.invokeMethodWithArray(ReflectionUtils.java:189)
                        	at org.apache.maven.surefire.booter.ProviderFactory$ProviderProxy.invoke(ProviderFactory.java:165)
                        	at org.apache.maven.surefire.booter.ProviderFactory.invokeProvider(ProviderFactory.java:85)
                        	at org.apache.maven.surefire.booter.ForkedBooter.runSuitesInProcess(ForkedBooter.java:115)
                        	at org.apache.maven.surefire.booter.ForkedBooter.main(ForkedBooter.java:75)
                     </pre>
                  </div>
               </td>
            </tr>
            <tr id="com.qtpselenium.framework.datadriven.suiteB.Test2_test2_byClass_SKIP3_row"
                class="testMethodStatusSKIP">
               <td width="100%" class="firstMethodCell">
                  <a onclick="toggleDetailsVisibility('com.qtpselenium.framework.datadriven.suiteB.Test2_test2_byClass_SKIP3_details')">test2({Col4=C46, Col3=C35, Col2=C24, Col1=C31, Runmode=Y, Result=})</a>
               </td>
               <td nowrap="true">12:20:17</td>
               <td nowrap="true" align="right">36 ms
                  
               </td>
               <td nowrap="true">
                  <a onclick="toggleDetailsVisibility('com.qtpselenium.framework.datadriven.suiteB.Test2_test2_byClass_SKIP3_exception')">org.testng.SkipException: 
                     Skipping the test Test2 inside the test suite SuiteB
                     
                  </a>
                   
                  
               </td>
            </tr>
            <tr>
               <td colspan="4" class="detailsBox">
                  <div id="com.qtpselenium.framework.datadriven.suiteB.Test2_test2_byClass_SKIP3_details"
                       class="testMethodDetails">
                     <div>
                        <b>Name: </b>test2
                     </div>
                     <div>
                        <b>Signature: </b>test2(java.util.Hashtable)
                     </div>
                     <div>
                        <b>Parameters: </b>
                        
                        {Col4=C46, Col3=C35, Col2=C24, Col1=C31, Runmode=Y, Result=}
                        
                        
                     </div>
                     <div>
                        <b>Start time: </b>12:20:17
                     </div>
                     <div>
                        <b>End time: </b>12:20:17
                     </div>
                     <div>
                        <b>Duration: </b>36 ms
                        
                     </div>
                  </div>
               </td>
            </tr>
            <tr>
               <td colspan="4" class="detailsBox">
                  <div id="com.qtpselenium.framework.datadriven.suiteB.Test2_test2_byClass_SKIP3_exception"
                       class="testMethodDetails">
                     <pre style="padding: 5px; margin: 0;">org.testng.SkipException: Skipping the test Test2 inside the test suite SuiteB
                        	at com.qtpselenium.framwork.datadriven.TestBase.ValidateRunmodes(TestBase.java:55)
                        	at com.qtpselenium.framework.datadriven.suiteB.Test2.test2(Test2.java:19)
                        	at sun.reflect.NativeMethodAccessorImpl.invoke0(Native Method)
                        	at sun.reflect.NativeMethodAccessorImpl.invoke(NativeMethodAccessorImpl.java:57)
                        	at sun.reflect.DelegatingMethodAccessorImpl.invoke(DelegatingMethodAccessorImpl.java:43)
                        	at java.lang.reflect.Method.invoke(Method.java:601)
                        	at org.testng.internal.MethodInvocationHelper.invokeMethod(MethodInvocationHelper.java:80)
                        	at org.testng.internal.Invoker.invokeMethod(Invoker.java:673)
                        	at org.testng.internal.Invoker.invokeTestMethod(Invoker.java:842)
                        	at org.testng.internal.Invoker.invokeTestMethods(Invoker.java:1166)
                        	at org.testng.internal.TestMethodWorker.invokeTestMethods(TestMethodWorker.java:125)
                        	at org.testng.internal.TestMethodWorker.run(TestMethodWorker.java:109)
                        	at org.testng.TestRunner.runWorkers(TestRunner.java:1178)
                        	at org.testng.TestRunner.privateRun(TestRunner.java:757)
                        	at org.testng.TestRunner.run(TestRunner.java:608)
                        	at org.testng.SuiteRunner.runTest(SuiteRunner.java:334)
                        	at org.testng.SuiteRunner.runSequentially(SuiteRunner.java:329)
                        	at org.testng.SuiteRunner.privateRun(SuiteRunner.java:291)
                        	at org.testng.SuiteRunner.run(SuiteRunner.java:240)
                        	at org.testng.SuiteRunnerWorker.runSuite(SuiteRunnerWorker.java:52)
                        	at org.testng.SuiteRunnerWorker.run(SuiteRunnerWorker.java:86)
                        	at org.testng.TestNG.runSuitesSequentially(TestNG.java:1158)
                        	at org.testng.TestNG.runSuitesLocally(TestNG.java:1083)
                        	at org.testng.TestNG.run(TestNG.java:999)
                        	at org.apache.maven.surefire.testng.TestNGExecutor.run(TestNGExecutor.java:77)
                        	at org.apache.maven.surefire.testng.TestNGDirectoryTestSuite.executeMulti(TestNGDirectoryTestSuite.java:159)
                        	at org.apache.maven.surefire.testng.TestNGDirectoryTestSuite.execute(TestNGDirectoryTestSuite.java:99)
                        	at org.apache.maven.surefire.testng.TestNGProvider.invoke(TestNGProvider.java:106)
                        	at sun.reflect.NativeMethodAccessorImpl.invoke0(Native Method)
                        	at sun.reflect.NativeMethodAccessorImpl.invoke(NativeMethodAccessorImpl.java:57)
                        	at sun.reflect.DelegatingMethodAccessorImpl.invoke(DelegatingMethodAccessorImpl.java:43)
                        	at java.lang.reflect.Method.invoke(Method.java:601)
                        	at org.apache.maven.surefire.util.ReflectionUtils.invokeMethodWithArray(ReflectionUtils.java:189)
                        	at org.apache.maven.surefire.booter.ProviderFactory$ProviderProxy.invoke(ProviderFactory.java:165)
                        	at org.apache.maven.surefire.booter.ProviderFactory.invokeProvider(ProviderFactory.java:85)
                        	at org.apache.maven.surefire.booter.ForkedBooter.runSuitesInProcess(ForkedBooter.java:115)
                        	at org.apache.maven.surefire.booter.ForkedBooter.main(ForkedBooter.java:75)
                     </pre>
                  </div>
               </td>
            </tr>
         </table>
         <br></br>
      </div>
      <div style="margin-top: 15px; color: gray; text-align: center; font-size: 9px;">
         Generated with
         
         <a href="http://code.google.com/p/testng-xslt/" style="color: #8888aa;"
            target="_blank">
            TestNG XSLT
            
         </a>
      </div>
   </body>
</html>