<!DOCTYPE html PUBLIC "-//W3C//DTD XHTML 1.1//EN" "http://www.w3.org/TR/xhtml11/DTD/xhtml11.dtd">
<html xmlns="http://www.w3.org/1999/xhtml"><head><title>TestNG Report</title><style type="text/css">table {margin-bottom:10px;border-collapse:collapse;empty-cells:show}th,td {border:1px solid #009;padding:.25em .5em}th {vertical-align:bottom}td {vertical-align:top}table a {font-weight:bold}.stripe td {background-color: #E6EBF9}.num {text-align:right}.passedodd td {background-color: #3F3}.passedeven td {background-color: #0A0}.skippedodd td {background-color: #DDD}.skippedeven td {background-color: #CCC}.failedodd td,.attn {background-color: #F33}.failedeven td,.stripe .attn {background-color: #D00}.stacktrace {white-space:pre;font-family:monospace}.totop {font-size:85%;text-align:center;border-bottom:2px solid #000}</style></head><body><table><tr><th>Test</th><th># Passed</th><th># Skipped</th><th># Failed</th><th>Time (ms)</th><th>Included Groups</th><th>Excluded Groups</th></tr><tr><th colspan="7">Stock Suite</th></tr><tr><td><a href="#t0">Add Stock Test</a></td><td class="num">1</td><td class="num attn">2</td><td class="num">0</td><td class="num">11,419</td><td></td><td></td></tr><tr><th colspan="7">Portfolio Test</th></tr><tr class="stripe"><td><a href="#t1">Login Test</a></td><td class="num">1</td><td class="num attn">1</td><td class="num attn">1</td><td class="num">16,486</td><td></td><td></td></tr><tr><td><a href="#t2">Least Per Asests Test</a></td><td class="num">1</td><td class="num attn">2</td><td class="num">0</td><td class="num">14,363</td><td></td><td></td></tr><tr><th colspan="7">My Project</th></tr><tr><th>Total</th><th class="num">3</th><th class="num attn">5</th><th class="num attn">1</th><th class="num">42,268</th><th colspan="2"></th></tr></table><table><thead><tr><th>Class</th><th>Method</th><th>Start</th><th>Time (ms)</th></tr></thead><tbody><tr><th colspan="4">Stock Suite</th></tr></tbody><tbody id="t0"><tr><th colspan="4">Add Stock Test &#8212; skipped</th></tr><tr class="skippedeven"><td rowspan="2">com.qtpselenium.framework.datadriven.StockSuite.AddStockTest</td><td><a href="#m0">AddStockTest</a></td><td rowspan="2">1413310367958</td><td rowspan="2">33</td></tr><tr class="skippedeven"><td><a href="#m1">AddStockTest</a></td></tr><tr><th colspan="4">Add Stock Test &#8212; passed</th></tr><tr class="passedeven"><td rowspan="1">com.qtpselenium.framework.datadriven.StockSuite.AddStockTest</td><td><a href="#m2">AddStockTest</a></td><td rowspan="1">1413310368027</td><td rowspan="1">11318</td></tr></tbody><tbody><tr><th colspan="4">Portfolio Test</th></tr></tbody><tbody id="t1"><tr><th colspan="4">Login Test &#8212; failed</th></tr><tr class="failedeven"><td rowspan="1">com.qtpselenium.framework.datadriven.PortFolioSuite.LoginTest</td><td><a href="#m3">LoginTest</a></td><td rowspan="1">1413310337064</td><td rowspan="1">1506</td></tr><tr><th colspan="4">Login Test &#8212; skipped</th></tr><tr class="skippedeven"><td rowspan="1">com.qtpselenium.framework.datadriven.PortFolioSuite.LoginTest</td><td><a href="#m4">LoginTest</a></td><td rowspan="1">1413310338572</td><td rowspan="1">61</td></tr><tr><th colspan="4">Login Test &#8212; passed</th></tr><tr class="passedeven"><td rowspan="1">com.qtpselenium.framework.datadriven.PortFolioSuite.LoginTest</td><td><a href="#m5">LoginTest</a></td><td rowspan="1">1413310338634</td><td rowspan="1">14043</td></tr></tbody><tbody id="t2"><tr><th colspan="4">Least Per Asests Test &#8212; skipped</th></tr><tr class="skippedeven"><td rowspan="2">com.qtpselenium.framework.datadriven.PortFolioSuite.LeastPerAssetsTest</td><td><a href="#m6">LeastPerAssetsTest</a></td><td rowspan="2">1413310366991</td><td rowspan="2">61</td></tr><tr class="skippedeven"><td><a href="#m7">LeastPerAssetsTest</a></td></tr><tr><th colspan="4">Least Per Asests Test &#8212; passed</th></tr><tr class="passedeven"><td rowspan="1">com.qtpselenium.framework.datadriven.PortFolioSuite.LeastPerAssetsTest</td><td><a href="#m8">LeastPerAssetsTest</a></td><td rowspan="1">1413310352761</td><td rowspan="1">14227</td></tr></tbody><tbody><tr><th colspan="4">My Project</th></tr></tbody></table><h2>Add Stock Test</h2><h3 id="m0">com.qtpselenium.framework.datadriven.StockSuite.AddStockTest#AddStockTest</h3><table class="result"><tr class="param"><th>Parameter #1</th></tr><tr class="param stripe"><td>{Runmode=N, Stock Name=Bharti Airtel Ltd., Purchase Price=100, Date Of Purchase=4/6/13, Quantity=10, Browser=Mozilla, Result=}</td></tr><tr><th>Exception</th></tr><tr><td><div class="stacktrace">org.testng.SkipException: Skipping the test AddStockTest inside the test suite StockSuite
	at com.qtpselenium.framwork.datadriven.TestBase.ValidateRunmodes(TestBase.java:78)
	at com.qtpselenium.framework.datadriven.StockSuite.AddStockTest.AddStockTest(AddStockTest.java:26)
... Removed 25 stack frames</div></td></tr></table><p class="totop"><a href="#summary">back to summary</a></p><h3 id="m1">com.qtpselenium.framework.datadriven.StockSuite.AddStockTest#AddStockTest</h3><table class="result"><tr class="param"><th>Parameter #1</th></tr><tr class="param stripe"><td>{Runmode=N, Stock Name=Wipro Ltd., Purchase Price=200, Date Of Purchase=4/6/14, Quantity=20, Browser=Chrome, Result=}</td></tr><tr><th>Exception</th></tr><tr><td><div class="stacktrace">org.testng.SkipException: Skipping the test AddStockTest inside the test suite StockSuite
	at com.qtpselenium.framwork.datadriven.TestBase.ValidateRunmodes(TestBase.java:78)
	at com.qtpselenium.framework.datadriven.StockSuite.AddStockTest.AddStockTest(AddStockTest.java:26)
... Removed 25 stack frames</div></td></tr></table><p class="totop"><a href="#summary">back to summary</a></p><h3 id="m2">com.qtpselenium.framework.datadriven.StockSuite.AddStockTest#AddStockTest</h3><table class="result"><tr class="param"><th>Parameter #1</th></tr><tr class="param stripe"><td>{Runmode=Y, Stock Name=Dabur India Ltd., Purchase Price=50, Date Of Purchase=11/6/14, Quantity=30, Browser=Chrome, Result=}</td></tr></table><p class="totop"><a href="#summary">back to summary</a></p><h2>Login Test</h2><h3 id="m3">com.qtpselenium.framework.datadriven.PortFolioSuite.LoginTest#LoginTest</h3><table class="result"><tr class="param"><th>Parameter #1</th></tr><tr class="param stripe"><td>{Username=C22, Password=C33, Runmode=Y, Expected_Result=SUCCESS, Browser=Mozilla, Result=}</td></tr><tr><th>Exception</th></tr><tr><td><div class="stacktrace">java.lang.NoClassDefFoundError: org/w3c/dom/ElementTraversal
	at java.lang.ClassLoader.defineClass1(Native Method)
	at java.lang.ClassLoader.defineClassCond(Unknown Source)
	at java.lang.ClassLoader.defineClass(Unknown Source)
	at java.security.SecureClassLoader.defineClass(Unknown Source)
	at java.net.URLClassLoader.defineClass(Unknown Source)
	at java.net.URLClassLoader.access$000(Unknown Source)
	at java.net.URLClassLoader$1.run(Unknown Source)
	at java.security.AccessController.doPrivileged(Native Method)
	at java.net.URLClassLoader.findClass(Unknown Source)
	at java.lang.ClassLoader.loadClass(Unknown Source)
	at sun.misc.Launcher$AppClassLoader.loadClass(Unknown Source)
	at java.lang.ClassLoader.loadClass(Unknown Source)
	at org.apache.xerces.parsers.AbstractDOMParser.startDocument(Unknown Source)
	at org.apache.xerces.impl.dtd.XMLDTDValidator.startDocument(Unknown Source)
	at org.apache.xerces.impl.XMLDocumentScannerImpl.startEntity(Unknown Source)
	at org.apache.xerces.impl.XMLVersionDetector.startDocumentParsing(Unknown Source)
	at org.apache.xerces.parsers.XML11Configuration.parse(Unknown Source)
	at org.apache.xerces.parsers.XML11Configuration.parse(Unknown Source)
	at org.apache.xerces.parsers.XMLParser.parse(Unknown Source)
	at org.apache.xerces.parsers.DOMParser.parse(Unknown Source)
	at org.apache.xerces.jaxp.DocumentBuilderImpl.parse(Unknown Source)
	at javax.xml.parsers.DocumentBuilder.parse(Unknown Source)
	at org.openqa.selenium.firefox.internal.FileExtension.readIdFromInstallRdf(FileExtension.java:97)
	at org.openqa.selenium.firefox.internal.FileExtension.writeTo(FileExtension.java:60)
	at org.openqa.selenium.firefox.internal.ClasspathExtension.writeTo(ClasspathExtension.java:63)
	at org.openqa.selenium.firefox.FirefoxProfile.installExtensions(FirefoxProfile.java:465)
	at org.openqa.selenium.firefox.FirefoxProfile.layoutOnDisk(FirefoxProfile.java:443)
	at org.openqa.selenium.firefox.internal.NewProfileExtensionConnection.start(NewProfileExtensionConnection.java:77)
	at org.openqa.selenium.firefox.FirefoxDriver.startClient(FirefoxDriver.java:244)
	at org.openqa.selenium.remote.RemoteWebDriver.&lt;init&gt;(RemoteWebDriver.java:110)
	at org.openqa.selenium.firefox.FirefoxDriver.&lt;init&gt;(FirefoxDriver.java:188)
	at org.openqa.selenium.firefox.FirefoxDriver.&lt;init&gt;(FirefoxDriver.java:183)
	at org.openqa.selenium.firefox.FirefoxDriver.&lt;init&gt;(FirefoxDriver.java:179)
	at org.openqa.selenium.firefox.FirefoxDriver.&lt;init&gt;(FirefoxDriver.java:92)
	at com.qtpselenium.framwork.datadriven.TestBase.openBrowser(TestBase.java:90)
	at com.qtpselenium.framwork.datadriven.TestBase.doLogin(TestBase.java:198)
	at com.qtpselenium.framework.datadriven.PortFolioSuite.LoginTest.LoginTest(LoginTest.java:31)
Caused by: java.lang.ClassNotFoundException: org.w3c.dom.ElementTraversal
	at java.net.URLClassLoader$1.run(Unknown Source)
	at java.security.AccessController.doPrivileged(Native Method)
	at java.net.URLClassLoader.findClass(Unknown Source)
	at java.lang.ClassLoader.loadClass(Unknown Source)
	at sun.misc.Launcher$AppClassLoader.loadClass(Unknown Source)
	at java.lang.ClassLoader.loadClass(Unknown Source)
	... 62 more
... Removed 25 stack frames</div></td></tr></table><p class="totop"><a href="#summary">back to summary</a></p><h3 id="m4">com.qtpselenium.framework.datadriven.PortFolioSuite.LoginTest#LoginTest</h3><table class="result"><tr class="param"><th>Parameter #1</th></tr><tr class="param stripe"><td>{Username=C23, Password=C34, Runmode=N, Expected_Result=FAILURE, Browser=Chrome, Result=}</td></tr><tr><th>Exception</th></tr><tr><td><div class="stacktrace">org.testng.SkipException: Skipping the test LoginTest inside the test suite PortFolioSuite
	at com.qtpselenium.framwork.datadriven.TestBase.ValidateRunmodes(TestBase.java:78)
	at com.qtpselenium.framework.datadriven.PortFolioSuite.LoginTest.LoginTest(LoginTest.java:29)
... Removed 25 stack frames</div></td></tr></table><p class="totop"><a href="#summary">back to summary</a></p><h3 id="m5">com.qtpselenium.framework.datadriven.PortFolioSuite.LoginTest#LoginTest</h3><table class="result"><tr class="param"><th>Parameter #1</th></tr><tr class="param stripe"><td>{Username=mannusharma.86@gmail.com, Password=caliber, Runmode=Y, Expected_Result=SUCCESS, Browser=Chrome, Result=}</td></tr></table><p class="totop"><a href="#summary">back to summary</a></p><h2>Least Per Asests Test</h2><h3 id="m6">com.qtpselenium.framework.datadriven.PortFolioSuite.LeastPerAssetsTest#LeastPerAssetsTest</h3><table class="result"><tr class="param"><th>Parameter #1</th></tr><tr class="param stripe"><td>{Runmode=N, Browser=Chrome, Result=}</td></tr><tr><th>Exception</th></tr><tr><td><div class="stacktrace">org.testng.SkipException: Skipping the test LeastPerAssetsTest inside the test suite PortFolioSuite
	at com.qtpselenium.framwork.datadriven.TestBase.ValidateRunmodes(TestBase.java:78)
	at com.qtpselenium.framework.datadriven.PortFolioSuite.LeastPerAssetsTest.LeastPerAssetsTest(LeastPerAssetsTest.java:29)
... Removed 25 stack frames</div></td></tr></table><p class="totop"><a href="#summary">back to summary</a></p><h3 id="m7">com.qtpselenium.framework.datadriven.PortFolioSuite.LeastPerAssetsTest#LeastPerAssetsTest</h3><table class="result"><tr class="param"><th>Parameter #1</th></tr><tr class="param stripe"><td>{Runmode=N, Browser=Chrome, Result=}</td></tr><tr><th>Exception</th></tr><tr><td><div class="stacktrace">org.testng.SkipException: Skipping the test LeastPerAssetsTest inside the test suite PortFolioSuite
	at com.qtpselenium.framwork.datadriven.TestBase.ValidateRunmodes(TestBase.java:78)
	at com.qtpselenium.framework.datadriven.PortFolioSuite.LeastPerAssetsTest.LeastPerAssetsTest(LeastPerAssetsTest.java:29)
... Removed 25 stack frames</div></td></tr></table><p class="totop"><a href="#summary">back to summary</a></p><h3 id="m8">com.qtpselenium.framework.datadriven.PortFolioSuite.LeastPerAssetsTest#LeastPerAssetsTest</h3><table class="result"><tr class="param"><th>Parameter #1</th></tr><tr class="param stripe"><td>{Runmode=Y, Browser=Chrome, Result=}</td></tr></table><p class="totop"><a href="#summary">back to summary</a></p></body></html>