<?xml version="1.0" encoding="UTF-8"?>
<testng-results skipped="5" failed="1" total="9" passed="3">
  <reporter-output>
  </reporter-output>
  <suite name="Stock Suite" duration-ms="11419" started-at="2014-10-14T18:12:47Z" finished-at="2014-10-14T18:12:59Z">
    <groups>
    </groups>
    <test name="Add Stock Test" duration-ms="11419" started-at="2014-10-14T18:12:47Z" finished-at="2014-10-14T18:12:59Z">
      <class name="com.qtpselenium.framework.datadriven.StockSuite.AddStockTest">
        <test-method status="PASS" signature="before()[pri:0, instance:com.qtpselenium.framework.datadriven.StockSuite.AddStockTest@b1b4c3]" name="before" is-config="true" duration-ms="1" started-at="2014-10-14T23:42:47Z" finished-at="2014-10-14T23:42:47Z">
          <reporter-output>
          </reporter-output>
        </test-method> <!-- before -->
        <test-method status="SKIP" signature="AddStockTest(java.util.Hashtable)[pri:0, instance:com.qtpselenium.framework.datadriven.StockSuite.AddStockTest@b1b4c3]" name="AddStockTest" duration-ms="33" started-at="2014-10-14T23:42:47Z" data-provider="StockSuiteDataProvider" finished-at="2014-10-14T23:42:47Z">
          <params>
            <param index="0">
              <value>
                <![CDATA[{Runmode=N, Stock Name=Bharti Airtel Ltd., Purchase Price=100, Date Of Purchase=4/6/13, Quantity=10, Browser=Mozilla, Result=}]]>
              </value>
            </param>
          </params>
          <exception class="org.testng.SkipException">
            <message>
              <![CDATA[Skipping the test AddStockTest inside the test suite StockSuite]]>
            </message>
            <full-stacktrace>
              <![CDATA[org.testng.SkipException: Skipping the test AddStockTest inside the test suite StockSuite
	at com.qtpselenium.framwork.datadriven.TestBase.ValidateRunmodes(TestBase.java:78)
	at com.qtpselenium.framework.datadriven.StockSuite.AddStockTest.AddStockTest(AddStockTest.java:26)
	at sun.reflect.NativeMethodAccessorImpl.invoke0(Native Method)
	at sun.reflect.NativeMethodAccessorImpl.invoke(Unknown Source)
	at sun.reflect.DelegatingMethodAccessorImpl.invoke(Unknown Source)
	at java.lang.reflect.Method.invoke(Unknown Source)
	at org.testng.internal.MethodInvocationHelper.invokeMethod(MethodInvocationHelper.java:84)
	at org.testng.internal.Invoker.invokeMethod(Invoker.java:714)
	at org.testng.internal.Invoker.invokeTestMethod(Invoker.java:901)
	at org.testng.internal.Invoker.invokeTestMethods(Invoker.java:1231)
	at org.testng.internal.TestMethodWorker.invokeTestMethods(TestMethodWorker.java:127)
	at org.testng.internal.TestMethodWorker.run(TestMethodWorker.java:111)
	at org.testng.TestRunner.privateRun(TestRunner.java:767)
	at org.testng.TestRunner.run(TestRunner.java:617)
	at org.testng.SuiteRunner.runTest(SuiteRunner.java:334)
	at org.testng.SuiteRunner.runSequentially(SuiteRunner.java:329)
	at org.testng.SuiteRunner.privateRun(SuiteRunner.java:291)
	at org.testng.SuiteRunner.run(SuiteRunner.java:240)
	at org.testng.SuiteRunnerWorker.runSuite(SuiteRunnerWorker.java:52)
	at org.testng.SuiteRunnerWorker.run(SuiteRunnerWorker.java:86)
	at org.testng.TestNG.runSuitesSequentially(TestNG.java:1224)
	at org.testng.TestNG.runSuitesSequentially(TestNG.java:1220)
	at org.testng.TestNG.runSuitesLocally(TestNG.java:1149)
	at org.testng.TestNG.run(TestNG.java:1057)
	at org.testng.remote.RemoteTestNG.run(RemoteTestNG.java:111)
	at org.testng.remote.RemoteTestNG.initAndRun(RemoteTestNG.java:204)
	at org.testng.remote.RemoteTestNG.main(RemoteTestNG.java:175)
]]>
            </full-stacktrace>
          </exception> <!-- org.testng.SkipException -->
          <reporter-output>
          </reporter-output>
        </test-method> <!-- AddStockTest -->
        <test-method status="SKIP" signature="AddStockTest(java.util.Hashtable)[pri:0, instance:com.qtpselenium.framework.datadriven.StockSuite.AddStockTest@b1b4c3]" name="AddStockTest" duration-ms="34" started-at="2014-10-14T23:42:47Z" data-provider="StockSuiteDataProvider" finished-at="2014-10-14T23:42:48Z">
          <params>
            <param index="0">
              <value>
                <![CDATA[{Runmode=N, Stock Name=Wipro Ltd., Purchase Price=200, Date Of Purchase=4/6/14, Quantity=20, Browser=Chrome, Result=}]]>
              </value>
            </param>
          </params>
          <exception class="org.testng.SkipException">
            <message>
              <![CDATA[Skipping the test AddStockTest inside the test suite StockSuite]]>
            </message>
            <full-stacktrace>
              <![CDATA[org.testng.SkipException: Skipping the test AddStockTest inside the test suite StockSuite
	at com.qtpselenium.framwork.datadriven.TestBase.ValidateRunmodes(TestBase.java:78)
	at com.qtpselenium.framework.datadriven.StockSuite.AddStockTest.AddStockTest(AddStockTest.java:26)
	at sun.reflect.NativeMethodAccessorImpl.invoke0(Native Method)
	at sun.reflect.NativeMethodAccessorImpl.invoke(Unknown Source)
	at sun.reflect.DelegatingMethodAccessorImpl.invoke(Unknown Source)
	at java.lang.reflect.Method.invoke(Unknown Source)
	at org.testng.internal.MethodInvocationHelper.invokeMethod(MethodInvocationHelper.java:84)
	at org.testng.internal.Invoker.invokeMethod(Invoker.java:714)
	at org.testng.internal.Invoker.invokeTestMethod(Invoker.java:901)
	at org.testng.internal.Invoker.invokeTestMethods(Invoker.java:1231)
	at org.testng.internal.TestMethodWorker.invokeTestMethods(TestMethodWorker.java:127)
	at org.testng.internal.TestMethodWorker.run(TestMethodWorker.java:111)
	at org.testng.TestRunner.privateRun(TestRunner.java:767)
	at org.testng.TestRunner.run(TestRunner.java:617)
	at org.testng.SuiteRunner.runTest(SuiteRunner.java:334)
	at org.testng.SuiteRunner.runSequentially(SuiteRunner.java:329)
	at org.testng.SuiteRunner.privateRun(SuiteRunner.java:291)
	at org.testng.SuiteRunner.run(SuiteRunner.java:240)
	at org.testng.SuiteRunnerWorker.runSuite(SuiteRunnerWorker.java:52)
	at org.testng.SuiteRunnerWorker.run(SuiteRunnerWorker.java:86)
	at org.testng.TestNG.runSuitesSequentially(TestNG.java:1224)
	at org.testng.TestNG.runSuitesSequentially(TestNG.java:1220)
	at org.testng.TestNG.runSuitesLocally(TestNG.java:1149)
	at org.testng.TestNG.run(TestNG.java:1057)
	at org.testng.remote.RemoteTestNG.run(RemoteTestNG.java:111)
	at org.testng.remote.RemoteTestNG.initAndRun(RemoteTestNG.java:204)
	at org.testng.remote.RemoteTestNG.main(RemoteTestNG.java:175)
]]>
            </full-stacktrace>
          </exception> <!-- org.testng.SkipException -->
          <reporter-output>
          </reporter-output>
        </test-method> <!-- AddStockTest -->
        <test-method status="PASS" signature="AddStockTest(java.util.Hashtable)[pri:0, instance:com.qtpselenium.framework.datadriven.StockSuite.AddStockTest@b1b4c3]" name="AddStockTest" duration-ms="11318" started-at="2014-10-14T23:42:48Z" data-provider="StockSuiteDataProvider" finished-at="2014-10-14T23:42:59Z">
          <params>
            <param index="0">
              <value>
                <![CDATA[{Runmode=Y, Stock Name=Dabur India Ltd., Purchase Price=50, Date Of Purchase=11/6/14, Quantity=30, Browser=Chrome, Result=}]]>
              </value>
            </param>
          </params>
          <reporter-output>
          </reporter-output>
        </test-method> <!-- AddStockTest -->
      </class> <!-- com.qtpselenium.framework.datadriven.StockSuite.AddStockTest -->
    </test> <!-- Add Stock Test -->
  </suite> <!-- Stock Suite -->
  <suite name="Portfolio Test" duration-ms="30896" started-at="2014-10-14T18:12:16Z" finished-at="2014-10-14T18:12:47Z">
    <groups>
    </groups>
    <test name="Login Test" duration-ms="16486" started-at="2014-10-14T18:12:16Z" finished-at="2014-10-14T18:12:32Z">
      <class name="com.qtpselenium.framework.datadriven.PortFolioSuite.LoginTest">
        <test-method status="PASS" signature="before()[pri:0, instance:com.qtpselenium.framework.datadriven.PortFolioSuite.LoginTest@87a5cc]" name="before" is-config="true" duration-ms="60" started-at="2014-10-14T23:42:16Z" finished-at="2014-10-14T23:42:16Z">
          <reporter-output>
          </reporter-output>
        </test-method> <!-- before -->
        <test-method status="FAIL" signature="LoginTest(java.util.Hashtable)[pri:0, instance:com.qtpselenium.framework.datadriven.PortFolioSuite.LoginTest@87a5cc]" name="LoginTest" duration-ms="1506" started-at="2014-10-14T23:42:17Z" data-provider="PortfolioDataProvider" finished-at="2014-10-14T23:42:18Z">
          <params>
            <param index="0">
              <value>
                <![CDATA[{Username=C22, Password=C33, Runmode=Y, Expected_Result=SUCCESS, Browser=Mozilla, Result=}]]>
              </value>
            </param>
          </params>
          <exception class="java.lang.NoClassDefFoundError">
            <message>
              <![CDATA[org/w3c/dom/ElementTraversal]]>
            </message>
            <full-stacktrace>
              <![CDATA[java.lang.NoClassDefFoundError: org/w3c/dom/ElementTraversal
	at java.lang.ClassLoader.defineClass1(Native Method)
	at java.lang.ClassLoader.defineClassCond(Unknown Source)
	at java.lang.ClassLoader.defineClass(Unknown Source)
	at java.security.SecureClassLoader.defineClass(Unknown Source)
	at java.net.URLClassLoader.defineClass(Unknown Source)
	at java.net.URLClassLoader.access$000(Unknown Source)
	at java.net.URLClassLoader$1.run(Unknown Source)
	at java.security.AccessController.doPrivileged(Native Method)
	at java.net.URLClassLoader.findClass(Unknown Source)
	at java.lang.ClassLoader.loadClass(Unknown Source)
	at sun.misc.Launcher$AppClassLoader.loadClass(Unknown Source)
	at java.lang.ClassLoader.loadClass(Unknown Source)
	at org.apache.xerces.parsers.AbstractDOMParser.startDocument(Unknown Source)
	at org.apache.xerces.impl.dtd.XMLDTDValidator.startDocument(Unknown Source)
	at org.apache.xerces.impl.XMLDocumentScannerImpl.startEntity(Unknown Source)
	at org.apache.xerces.impl.XMLVersionDetector.startDocumentParsing(Unknown Source)
	at org.apache.xerces.parsers.XML11Configuration.parse(Unknown Source)
	at org.apache.xerces.parsers.XML11Configuration.parse(Unknown Source)
	at org.apache.xerces.parsers.XMLParser.parse(Unknown Source)
	at org.apache.xerces.parsers.DOMParser.parse(Unknown Source)
	at org.apache.xerces.jaxp.DocumentBuilderImpl.parse(Unknown Source)
	at javax.xml.parsers.DocumentBuilder.parse(Unknown Source)
	at org.openqa.selenium.firefox.internal.FileExtension.readIdFromInstallRdf(FileExtension.java:97)
	at org.openqa.selenium.firefox.internal.FileExtension.writeTo(FileExtension.java:60)
	at org.openqa.selenium.firefox.internal.ClasspathExtension.writeTo(ClasspathExtension.java:63)
	at org.openqa.selenium.firefox.FirefoxProfile.installExtensions(FirefoxProfile.java:465)
	at org.openqa.selenium.firefox.FirefoxProfile.layoutOnDisk(FirefoxProfile.java:443)
	at org.openqa.selenium.firefox.internal.NewProfileExtensionConnection.start(NewProfileExtensionConnection.java:77)
	at org.openqa.selenium.firefox.FirefoxDriver.startClient(FirefoxDriver.java:244)
	at org.openqa.selenium.remote.RemoteWebDriver.<init>(RemoteWebDriver.java:110)
	at org.openqa.selenium.firefox.FirefoxDriver.<init>(FirefoxDriver.java:188)
	at org.openqa.selenium.firefox.FirefoxDriver.<init>(FirefoxDriver.java:183)
	at org.openqa.selenium.firefox.FirefoxDriver.<init>(FirefoxDriver.java:179)
	at org.openqa.selenium.firefox.FirefoxDriver.<init>(FirefoxDriver.java:92)
	at com.qtpselenium.framwork.datadriven.TestBase.openBrowser(TestBase.java:90)
	at com.qtpselenium.framwork.datadriven.TestBase.doLogin(TestBase.java:198)
	at com.qtpselenium.framework.datadriven.PortFolioSuite.LoginTest.LoginTest(LoginTest.java:31)
	at sun.reflect.NativeMethodAccessorImpl.invoke0(Native Method)
	at sun.reflect.NativeMethodAccessorImpl.invoke(Unknown Source)
	at sun.reflect.DelegatingMethodAccessorImpl.invoke(Unknown Source)
	at java.lang.reflect.Method.invoke(Unknown Source)
	at org.testng.internal.MethodInvocationHelper.invokeMethod(MethodInvocationHelper.java:84)
	at org.testng.internal.Invoker.invokeMethod(Invoker.java:714)
	at org.testng.internal.Invoker.invokeTestMethod(Invoker.java:901)
	at org.testng.internal.Invoker.invokeTestMethods(Invoker.java:1231)
	at org.testng.internal.TestMethodWorker.invokeTestMethods(TestMethodWorker.java:127)
	at org.testng.internal.TestMethodWorker.run(TestMethodWorker.java:111)
	at org.testng.TestRunner.privateRun(TestRunner.java:767)
	at org.testng.TestRunner.run(TestRunner.java:617)
	at org.testng.SuiteRunner.runTest(SuiteRunner.java:334)
	at org.testng.SuiteRunner.runSequentially(SuiteRunner.java:329)
	at org.testng.SuiteRunner.privateRun(SuiteRunner.java:291)
	at org.testng.SuiteRunner.run(SuiteRunner.java:240)
	at org.testng.SuiteRunnerWorker.runSuite(SuiteRunnerWorker.java:52)
	at org.testng.SuiteRunnerWorker.run(SuiteRunnerWorker.java:86)
	at org.testng.TestNG.runSuitesSequentially(TestNG.java:1224)
	at org.testng.TestNG.runSuitesSequentially(TestNG.java:1220)
	at org.testng.TestNG.runSuitesLocally(TestNG.java:1149)
	at org.testng.TestNG.run(TestNG.java:1057)
	at org.testng.remote.RemoteTestNG.run(RemoteTestNG.java:111)
	at org.testng.remote.RemoteTestNG.initAndRun(RemoteTestNG.java:204)
	at org.testng.remote.RemoteTestNG.main(RemoteTestNG.java:175)
Caused by: java.lang.ClassNotFoundException: org.w3c.dom.ElementTraversal
	at java.net.URLClassLoader$1.run(Unknown Source)
	at java.security.AccessController.doPrivileged(Native Method)
	at java.net.URLClassLoader.findClass(Unknown Source)
	at java.lang.ClassLoader.loadClass(Unknown Source)
	at sun.misc.Launcher$AppClassLoader.loadClass(Unknown Source)
	at java.lang.ClassLoader.loadClass(Unknown Source)
	... 62 more
]]>
            </full-stacktrace>
          </exception> <!-- java.lang.NoClassDefFoundError -->
          <reporter-output>
          </reporter-output>
        </test-method> <!-- LoginTest -->
        <test-method status="SKIP" signature="LoginTest(java.util.Hashtable)[pri:0, instance:com.qtpselenium.framework.datadriven.PortFolioSuite.LoginTest@87a5cc]" name="LoginTest" duration-ms="61" started-at="2014-10-14T23:42:18Z" data-provider="PortfolioDataProvider" finished-at="2014-10-14T23:42:18Z">
          <params>
            <param index="0">
              <value>
                <![CDATA[{Username=C23, Password=C34, Runmode=N, Expected_Result=FAILURE, Browser=Chrome, Result=}]]>
              </value>
            </param>
          </params>
          <exception class="org.testng.SkipException">
            <message>
              <![CDATA[Skipping the test LoginTest inside the test suite PortFolioSuite]]>
            </message>
            <full-stacktrace>
              <![CDATA[org.testng.SkipException: Skipping the test LoginTest inside the test suite PortFolioSuite
	at com.qtpselenium.framwork.datadriven.TestBase.ValidateRunmodes(TestBase.java:78)
	at com.qtpselenium.framework.datadriven.PortFolioSuite.LoginTest.LoginTest(LoginTest.java:29)
	at sun.reflect.NativeMethodAccessorImpl.invoke0(Native Method)
	at sun.reflect.NativeMethodAccessorImpl.invoke(Unknown Source)
	at sun.reflect.DelegatingMethodAccessorImpl.invoke(Unknown Source)
	at java.lang.reflect.Method.invoke(Unknown Source)
	at org.testng.internal.MethodInvocationHelper.invokeMethod(MethodInvocationHelper.java:84)
	at org.testng.internal.Invoker.invokeMethod(Invoker.java:714)
	at org.testng.internal.Invoker.invokeTestMethod(Invoker.java:901)
	at org.testng.internal.Invoker.invokeTestMethods(Invoker.java:1231)
	at org.testng.internal.TestMethodWorker.invokeTestMethods(TestMethodWorker.java:127)
	at org.testng.internal.TestMethodWorker.run(TestMethodWorker.java:111)
	at org.testng.TestRunner.privateRun(TestRunner.java:767)
	at org.testng.TestRunner.run(TestRunner.java:617)
	at org.testng.SuiteRunner.runTest(SuiteRunner.java:334)
	at org.testng.SuiteRunner.runSequentially(SuiteRunner.java:329)
	at org.testng.SuiteRunner.privateRun(SuiteRunner.java:291)
	at org.testng.SuiteRunner.run(SuiteRunner.java:240)
	at org.testng.SuiteRunnerWorker.runSuite(SuiteRunnerWorker.java:52)
	at org.testng.SuiteRunnerWorker.run(SuiteRunnerWorker.java:86)
	at org.testng.TestNG.runSuitesSequentially(TestNG.java:1224)
	at org.testng.TestNG.runSuitesSequentially(TestNG.java:1220)
	at org.testng.TestNG.runSuitesLocally(TestNG.java:1149)
	at org.testng.TestNG.run(TestNG.java:1057)
	at org.testng.remote.RemoteTestNG.run(RemoteTestNG.java:111)
	at org.testng.remote.RemoteTestNG.initAndRun(RemoteTestNG.java:204)
	at org.testng.remote.RemoteTestNG.main(RemoteTestNG.java:175)
]]>
            </full-stacktrace>
          </exception> <!-- org.testng.SkipException -->
          <reporter-output>
          </reporter-output>
        </test-method> <!-- LoginTest -->
        <test-method status="PASS" signature="LoginTest(java.util.Hashtable)[pri:0, instance:com.qtpselenium.framework.datadriven.PortFolioSuite.LoginTest@87a5cc]" name="LoginTest" duration-ms="14043" started-at="2014-10-14T23:42:18Z" data-provider="PortfolioDataProvider" finished-at="2014-10-14T23:42:32Z">
          <params>
            <param index="0">
              <value>
                <![CDATA[{Username=mannusharma.86@gmail.com, Password=caliber, Runmode=Y, Expected_Result=SUCCESS, Browser=Chrome, Result=}]]>
              </value>
            </param>
          </params>
          <reporter-output>
          </reporter-output>
        </test-method> <!-- LoginTest -->
      </class> <!-- com.qtpselenium.framework.datadriven.PortFolioSuite.LoginTest -->
    </test> <!-- Login Test -->
    <test name="Least Per Asests Test" duration-ms="14363" started-at="2014-10-14T18:12:32Z" finished-at="2014-10-14T18:12:47Z">
      <class name="com.qtpselenium.framework.datadriven.PortFolioSuite.LeastPerAssetsTest">
        <test-method status="PASS" signature="before()[pri:0, instance:com.qtpselenium.framework.datadriven.PortFolioSuite.LeastPerAssetsTest@29428e]" name="before" is-config="true" duration-ms="1" started-at="2014-10-14T23:42:32Z" finished-at="2014-10-14T23:42:32Z">
          <reporter-output>
          </reporter-output>
        </test-method> <!-- before -->
        <test-method status="PASS" signature="LeastPerAssetsTest(java.util.Hashtable)[pri:0, instance:com.qtpselenium.framework.datadriven.PortFolioSuite.LeastPerAssetsTest@29428e]" name="LeastPerAssetsTest" duration-ms="14227" started-at="2014-10-14T23:42:32Z" data-provider="PortfolioDataProvider" finished-at="2014-10-14T23:42:46Z">
          <params>
            <param index="0">
              <value>
                <![CDATA[{Runmode=Y, Browser=Chrome, Result=}]]>
              </value>
            </param>
          </params>
          <reporter-output>
          </reporter-output>
        </test-method> <!-- LeastPerAssetsTest -->
        <test-method status="SKIP" signature="LeastPerAssetsTest(java.util.Hashtable)[pri:0, instance:com.qtpselenium.framework.datadriven.PortFolioSuite.LeastPerAssetsTest@29428e]" name="LeastPerAssetsTest" duration-ms="61" started-at="2014-10-14T23:42:46Z" data-provider="PortfolioDataProvider" finished-at="2014-10-14T23:42:47Z">
          <params>
            <param index="0">
              <value>
                <![CDATA[{Runmode=N, Browser=Chrome, Result=}]]>
              </value>
            </param>
          </params>
          <exception class="org.testng.SkipException">
            <message>
              <![CDATA[Skipping the test LeastPerAssetsTest inside the test suite PortFolioSuite]]>
            </message>
            <full-stacktrace>
              <![CDATA[org.testng.SkipException: Skipping the test LeastPerAssetsTest inside the test suite PortFolioSuite
	at com.qtpselenium.framwork.datadriven.TestBase.ValidateRunmodes(TestBase.java:78)
	at com.qtpselenium.framework.datadriven.PortFolioSuite.LeastPerAssetsTest.LeastPerAssetsTest(LeastPerAssetsTest.java:29)
	at sun.reflect.NativeMethodAccessorImpl.invoke0(Native Method)
	at sun.reflect.NativeMethodAccessorImpl.invoke(Unknown Source)
	at sun.reflect.DelegatingMethodAccessorImpl.invoke(Unknown Source)
	at java.lang.reflect.Method.invoke(Unknown Source)
	at org.testng.internal.MethodInvocationHelper.invokeMethod(MethodInvocationHelper.java:84)
	at org.testng.internal.Invoker.invokeMethod(Invoker.java:714)
	at org.testng.internal.Invoker.invokeTestMethod(Invoker.java:901)
	at org.testng.internal.Invoker.invokeTestMethods(Invoker.java:1231)
	at org.testng.internal.TestMethodWorker.invokeTestMethods(TestMethodWorker.java:127)
	at org.testng.internal.TestMethodWorker.run(TestMethodWorker.java:111)
	at org.testng.TestRunner.privateRun(TestRunner.java:767)
	at org.testng.TestRunner.run(TestRunner.java:617)
	at org.testng.SuiteRunner.runTest(SuiteRunner.java:334)
	at org.testng.SuiteRunner.runSequentially(SuiteRunner.java:329)
	at org.testng.SuiteRunner.privateRun(SuiteRunner.java:291)
	at org.testng.SuiteRunner.run(SuiteRunner.java:240)
	at org.testng.SuiteRunnerWorker.runSuite(SuiteRunnerWorker.java:52)
	at org.testng.SuiteRunnerWorker.run(SuiteRunnerWorker.java:86)
	at org.testng.TestNG.runSuitesSequentially(TestNG.java:1224)
	at org.testng.TestNG.runSuitesSequentially(TestNG.java:1220)
	at org.testng.TestNG.runSuitesLocally(TestNG.java:1149)
	at org.testng.TestNG.run(TestNG.java:1057)
	at org.testng.remote.RemoteTestNG.run(RemoteTestNG.java:111)
	at org.testng.remote.RemoteTestNG.initAndRun(RemoteTestNG.java:204)
	at org.testng.remote.RemoteTestNG.main(RemoteTestNG.java:175)
]]>
            </full-stacktrace>
          </exception> <!-- org.testng.SkipException -->
          <reporter-output>
          </reporter-output>
        </test-method> <!-- LeastPerAssetsTest -->
        <test-method status="SKIP" signature="LeastPerAssetsTest(java.util.Hashtable)[pri:0, instance:com.qtpselenium.framework.datadriven.PortFolioSuite.LeastPerAssetsTest@29428e]" name="LeastPerAssetsTest" duration-ms="37" started-at="2014-10-14T23:42:47Z" data-provider="PortfolioDataProvider" finished-at="2014-10-14T23:42:47Z">
          <params>
            <param index="0">
              <value>
                <![CDATA[{Runmode=N, Browser=Chrome, Result=}]]>
              </value>
            </param>
          </params>
          <exception class="org.testng.SkipException">
            <message>
              <![CDATA[Skipping the test LeastPerAssetsTest inside the test suite PortFolioSuite]]>
            </message>
            <full-stacktrace>
              <![CDATA[org.testng.SkipException: Skipping the test LeastPerAssetsTest inside the test suite PortFolioSuite
	at com.qtpselenium.framwork.datadriven.TestBase.ValidateRunmodes(TestBase.java:78)
	at com.qtpselenium.framework.datadriven.PortFolioSuite.LeastPerAssetsTest.LeastPerAssetsTest(LeastPerAssetsTest.java:29)
	at sun.reflect.NativeMethodAccessorImpl.invoke0(Native Method)
	at sun.reflect.NativeMethodAccessorImpl.invoke(Unknown Source)
	at sun.reflect.DelegatingMethodAccessorImpl.invoke(Unknown Source)
	at java.lang.reflect.Method.invoke(Unknown Source)
	at org.testng.internal.MethodInvocationHelper.invokeMethod(MethodInvocationHelper.java:84)
	at org.testng.internal.Invoker.invokeMethod(Invoker.java:714)
	at org.testng.internal.Invoker.invokeTestMethod(Invoker.java:901)
	at org.testng.internal.Invoker.invokeTestMethods(Invoker.java:1231)
	at org.testng.internal.TestMethodWorker.invokeTestMethods(TestMethodWorker.java:127)
	at org.testng.internal.TestMethodWorker.run(TestMethodWorker.java:111)
	at org.testng.TestRunner.privateRun(TestRunner.java:767)
	at org.testng.TestRunner.run(TestRunner.java:617)
	at org.testng.SuiteRunner.runTest(SuiteRunner.java:334)
	at org.testng.SuiteRunner.runSequentially(SuiteRunner.java:329)
	at org.testng.SuiteRunner.privateRun(SuiteRunner.java:291)
	at org.testng.SuiteRunner.run(SuiteRunner.java:240)
	at org.testng.SuiteRunnerWorker.runSuite(SuiteRunnerWorker.java:52)
	at org.testng.SuiteRunnerWorker.run(SuiteRunnerWorker.java:86)
	at org.testng.TestNG.runSuitesSequentially(TestNG.java:1224)
	at org.testng.TestNG.runSuitesSequentially(TestNG.java:1220)
	at org.testng.TestNG.runSuitesLocally(TestNG.java:1149)
	at org.testng.TestNG.run(TestNG.java:1057)
	at org.testng.remote.RemoteTestNG.run(RemoteTestNG.java:111)
	at org.testng.remote.RemoteTestNG.initAndRun(RemoteTestNG.java:204)
	at org.testng.remote.RemoteTestNG.main(RemoteTestNG.java:175)
]]>
            </full-stacktrace>
          </exception> <!-- org.testng.SkipException -->
          <reporter-output>
          </reporter-output>
        </test-method> <!-- LeastPerAssetsTest -->
      </class> <!-- com.qtpselenium.framework.datadriven.PortFolioSuite.LeastPerAssetsTest -->
    </test> <!-- Least Per Asests Test -->
  </suite> <!-- Portfolio Test -->
  <suite name="My Project" duration-ms="0" started-at="2014-10-14T18:12:59Z" finished-at="2014-10-14T18:12:59Z">
    <groups>
    </groups>
  </suite> <!-- My Project -->
</testng-results>
